<?xml version="1.0" encoding="utf-8"?>
<!DOCTYPE coverage SYSTEM "http://cobertura.sourceforge.net/xml/coverage-04.dtd">
<coverage line-rate="0.935007385524372" branch-rate="0.655172413793103" lines-covered="633" lines-valid="677" branches-covered="38" branches-valid="58" complexity="98" version="0" timestamp="1701300413">
  <sources />
  <packages>
    <package name="PowerPoint" line-rate="0.908523908523909" branch-rate="0.62962962962963" complexity="77">
      <classes>
        <class name="PowerPoint.Canvas" filename="C:\Users\USER\Desktop\視窗程式設計\PowerPoint-main\PowerPoint-main\PowerPoint\Canvas.cs" line-rate="1" branch-rate="1" complexity="1">
          <methods>
            <method name=".ctor" signature="()" line-rate="1" branch-rate="1" complexity="1">
              <lines>
                <line number="12" hits="1" branch="false" />
                <line number="13" hits="1" branch="false" />
                <line number="14" hits="1" branch="false" />
                <line number="15" hits="1" branch="false" />
              </lines>
            </method>
          </methods>
          <lines>
            <line number="12" hits="1" branch="false" />
            <line number="13" hits="1" branch="false" />
            <line number="14" hits="1" branch="false" />
            <line number="15" hits="1" branch="false" />
          </lines>
        </class>
        <class name="PowerPoint.Ellipse" filename="C:\Users\USER\Desktop\視窗程式設計\PowerPoint-main\PowerPoint-main\PowerPoint\Ellipse.cs" line-rate="1" branch-rate="1" complexity="NaN">
          <methods>
            <method name=".ctor" signature="(PowerPoint.Position,PowerPoint.Position)" line-rate="1" branch-rate="1" complexity="NaN">
              <lines>
                <line number="8" hits="15" branch="false" />
                <line number="9" hits="15" branch="false" />
                <line number="10" hits="15" branch="false" />
                <line number="11" hits="15" branch="false" />
              </lines>
            </method>
            <method name="Draw" signature="(System.Drawing.Graphics)" line-rate="1" branch-rate="1" complexity="NaN">
              <lines>
                <line number="18" hits="2" branch="false" />
                <line number="19" hits="2" branch="false" />
                <line number="20" hits="2" branch="false" />
                <line number="21" hits="2" branch="false" />
                <line number="23" hits="2" branch="true" condition-coverage="100% (2/2)" />
                <line number="24" hits="1" branch="false" />
                <line number="25" hits="1" branch="false" />
                <line number="26" hits="1" branch="false" />
                <line number="27" hits="2" branch="false" />
              </lines>
            </method>
          </methods>
          <lines>
            <line number="8" hits="15" branch="false" />
            <line number="9" hits="15" branch="false" />
            <line number="10" hits="15" branch="false" />
            <line number="11" hits="15" branch="false" />
            <line number="18" hits="2" branch="false" />
            <line number="19" hits="2" branch="false" />
            <line number="20" hits="2" branch="false" />
            <line number="21" hits="2" branch="false" />
            <line number="23" hits="2" branch="true" condition-coverage="100% (2/2)" />
            <line number="24" hits="1" branch="false" />
            <line number="25" hits="1" branch="false" />
            <line number="26" hits="1" branch="false" />
            <line number="27" hits="2" branch="false" />
          </lines>
        </class>
        <class name="PowerPoint.Form1" filename="C:\Users\USER\Desktop\視窗程式設計\PowerPoint-main\PowerPoint-main\PowerPoint\Form1.cs" line-rate="0.706666666666667" branch-rate="0.3" complexity="6">
          <methods>
            <method name="UpdatePreview" signature="()" line-rate="1" branch-rate="1" complexity="1">
              <lines>
                <line number="41" hits="32" branch="false" />
                <line number="42" hits="32" branch="false" />
                <line number="43" hits="32" branch="false" />
                <line number="44" hits="32" branch="false" />
              </lines>
            </method>
            <method name="DeleteKeyDown" signature="(System.Object,System.Windows.Forms.KeyEventArgs)" line-rate="0" branch-rate="0" complexity="NaN">
              <lines>
                <line number="52" hits="0" branch="false" />
                <line number="53" hits="0" branch="true" condition-coverage="0% (0/2)" />
                <line number="54" hits="0" branch="false" />
                <line number="55" hits="0" branch="false" />
                <line number="56" hits="0" branch="false" />
                <line number="57" hits="0" branch="false" />
              </lines>
            </method>
            <method name="UpdateToolBar" signature="()" line-rate="1" branch-rate="0.5" complexity="4">
              <lines>
                <line number="63" hits="31" branch="false" />
                <line number="64" hits="31" branch="true" condition-coverage="50% (1/2)" />
                <line number="65" hits="31" branch="true" condition-coverage="50% (1/2)" />
                <line number="66" hits="31" branch="true" condition-coverage="50% (1/2)" />
                <line number="67" hits="31" branch="false" />
                <line number="68" hits="31" branch="false" />
              </lines>
            </method>
            <method name="ClickToolStripButton" signature="(PowerPoint.ShapeType)" line-rate="1" branch-rate="1" complexity="NaN">
              <lines>
                <line number="76" hits="3" branch="false" />
                <line number="77" hits="3" branch="false" />
                <line number="78" hits="3" branch="false" />
                <line number="79" hits="3" branch="false" />
                <line number="80" hits="3" branch="false" />
                <line number="81" hits="3" branch="false" />
                <line number="82" hits="3" branch="false" />
                <line number="83" hits="3" branch="false" />
                <line number="84" hits="3" branch="false" />
              </lines>
            </method>
            <method name="GetClickPointer" signature="()" line-rate="1" branch-rate="1" complexity="1">
              <lines>
                <line number="91" hits="1" branch="false" />
                <line number="92" hits="1" branch="false" />
                <line number="93" hits="1" branch="false" />
                <line number="94" hits="1" branch="false" />
                <line number="95" hits="1" branch="false" />
                <line number="96" hits="1" branch="false" />
                <line number="97" hits="1" branch="false" />
                <line number="98" hits="1" branch="false" />
              </lines>
            </method>
            <method name="HandleCanvasPaint" signature="(System.Object,System.Windows.Forms.PaintEventArgs)" line-rate="1" branch-rate="1" complexity="NaN">
              <lines>
                <line number="106" hits="31" branch="false" />
                <line number="107" hits="31" branch="false" />
                <line number="109" hits="31" branch="false" />
                <line number="110" hits="31" branch="false" />
                <line number="111" hits="31" branch="false" />
              </lines>
            </method>
            <method name="Button1Click" signature="(System.Object,System.EventArgs)" line-rate="0" branch-rate="1" complexity="NaN">
              <lines>
                <line number="119" hits="0" branch="false" />
                <line number="120" hits="0" branch="false" />
                <line number="124" hits="0" branch="false" />
                <line number="125" hits="0" branch="false" />
                <line number="126" hits="0" branch="false" />
                <line number="127" hits="0" branch="false" />
                <line number="128" hits="0" branch="false" />
                <line number="129" hits="0" branch="false" />
                <line number="131" hits="0" branch="false" />
                <line number="132" hits="0" branch="false" />
              </lines>
            </method>
            <method name="ClickDataGridView1CellContent" signature="(System.Object,System.Windows.Forms.DataGridViewCellEventArgs)" line-rate="0" branch-rate="0" complexity="NaN">
              <lines>
                <line number="140" hits="0" branch="false" />
                <line number="141" hits="0" branch="true" condition-coverage="0% (0/2)" />
                <line number="142" hits="0" branch="false" />
                <line number="143" hits="0" branch="false" />
                <line number="144" hits="0" branch="false" />
                <line number="145" hits="0" branch="false" />
              </lines>
            </method>
          </methods>
          <lines>
            <line number="11" hits="1" branch="false" />
            <line number="12" hits="1" branch="false" />
            <line number="13" hits="1" branch="false" />
            <line number="14" hits="1" branch="false" />
            <line number="16" hits="1" branch="false" />
            <line number="17" hits="1" branch="false" />
            <line number="18" hits="1" branch="false" />
            <line number="20" hits="1" branch="false" />
            <line number="21" hits="1" branch="false" />
            <line number="22" hits="1" branch="false" />
            <line number="23" hits="1" branch="false" />
            <line number="25" hits="1" branch="false" />
            <line number="26" hits="1" branch="false" />
            <line number="27" hits="1" branch="false" />
            <line number="28" hits="1" branch="false" />
            <line number="29" hits="1" branch="false" />
            <line number="30" hits="1" branch="false" />
            <line number="31" hits="1" branch="false" />
            <line number="33" hits="1" branch="false" />
            <line number="34" hits="1" branch="false" />
            <line number="35" hits="1" branch="false" />
            <line number="41" hits="32" branch="false" />
            <line number="42" hits="32" branch="false" />
            <line number="43" hits="32" branch="false" />
            <line number="44" hits="32" branch="false" />
            <line number="52" hits="0" branch="false" />
            <line number="53" hits="0" branch="true" condition-coverage="0% (0/2)" />
            <line number="54" hits="0" branch="false" />
            <line number="55" hits="0" branch="false" />
            <line number="56" hits="0" branch="false" />
            <line number="57" hits="0" branch="false" />
            <line number="63" hits="31" branch="false" />
            <line number="64" hits="31" branch="true" condition-coverage="50% (1/2)" />
            <line number="65" hits="31" branch="true" condition-coverage="50% (1/2)" />
            <line number="66" hits="31" branch="true" condition-coverage="50% (1/2)" />
            <line number="67" hits="31" branch="false" />
            <line number="68" hits="31" branch="false" />
            <line number="76" hits="3" branch="false" />
            <line number="77" hits="3" branch="false" />
            <line number="78" hits="3" branch="false" />
            <line number="79" hits="3" branch="false" />
            <line number="80" hits="3" branch="false" />
            <line number="81" hits="3" branch="false" />
            <line number="82" hits="3" branch="false" />
            <line number="83" hits="3" branch="false" />
            <line number="84" hits="3" branch="false" />
            <line number="91" hits="1" branch="false" />
            <line number="92" hits="1" branch="false" />
            <line number="93" hits="1" branch="false" />
            <line number="94" hits="1" branch="false" />
            <line number="95" hits="1" branch="false" />
            <line number="96" hits="1" branch="false" />
            <line number="97" hits="1" branch="false" />
            <line number="98" hits="1" branch="false" />
            <line number="106" hits="31" branch="false" />
            <line number="107" hits="31" branch="false" />
            <line number="109" hits="31" branch="false" />
            <line number="110" hits="31" branch="false" />
            <line number="111" hits="31" branch="false" />
            <line number="119" hits="0" branch="false" />
            <line number="120" hits="0" branch="false" />
            <line number="124" hits="0" branch="false" />
            <line number="125" hits="0" branch="false" />
            <line number="126" hits="0" branch="false" />
            <line number="127" hits="0" branch="false" />
            <line number="128" hits="0" branch="false" />
            <line number="129" hits="0" branch="false" />
            <line number="131" hits="0" branch="false" />
            <line number="132" hits="0" branch="false" />
            <line number="140" hits="0" branch="false" />
            <line number="141" hits="0" branch="true" condition-coverage="0% (0/2)" />
            <line number="142" hits="0" branch="false" />
            <line number="143" hits="0" branch="false" />
            <line number="144" hits="0" branch="false" />
            <line number="145" hits="0" branch="false" />
          </lines>
        </class>
        <class name="PowerPoint.Form1" filename="C:\Users\USER\Desktop\視窗程式設計\PowerPoint-main\PowerPoint-main\PowerPoint\Form1.Designer.cs" line-rate="0.982352941176471" branch-rate="0.5" complexity="2">
          <methods>
            <method name=".ctor" signature="()" line-rate="0.769230769230769" branch-rate="0.5" complexity="1">
              <lines>
                <line number="9" hits="1" branch="false" />
                <line number="16" hits="1" branch="false" />
                <line number="17" hits="1" branch="true" condition-coverage="50% (2/4)" />
                <line number="18" hits="0" branch="false" />
                <line number="19" hits="0" branch="false" />
                <line number="20" hits="0" branch="false" />
                <line number="21" hits="1" branch="false" />
                <line number="22" hits="1" branch="false" />
                <line number="31" hits="1" branch="false" />
                <line number="32" hits="1" branch="false" />
                <line number="33" hits="1" branch="false" />
                <line number="34" hits="1" branch="false" />
                <line number="35" hits="1" branch="false" />
              </lines>
            </method>
            <method name="Dispose" signature="(System.Boolean)" line-rate="0.571428571428571" branch-rate="0.5" complexity="NaN">
              <lines>
                <line number="16" hits="1" branch="false" />
                <line number="17" hits="1" branch="true" condition-coverage="50% (2/4)" />
                <line number="18" hits="0" branch="false" />
                <line number="19" hits="0" branch="false" />
                <line number="20" hits="0" branch="false" />
                <line number="21" hits="1" branch="false" />
                <line number="22" hits="1" branch="false" />
              </lines>
            </method>
            <method name="InitializeComponent" signature="()" line-rate="1" branch-rate="1" complexity="1">
              <lines>
                <line number="31" hits="1" branch="false" />
                <line number="32" hits="1" branch="false" />
                <line number="33" hits="1" branch="false" />
                <line number="34" hits="1" branch="false" />
                <line number="35" hits="1" branch="false" />
                <line number="36" hits="1" branch="false" />
                <line number="37" hits="1" branch="false" />
                <line number="38" hits="1" branch="false" />
                <line number="39" hits="1" branch="false" />
                <line number="40" hits="1" branch="false" />
                <line number="41" hits="1" branch="false" />
                <line number="42" hits="1" branch="false" />
                <line number="43" hits="1" branch="false" />
                <line number="44" hits="1" branch="false" />
                <line number="45" hits="1" branch="false" />
                <line number="46" hits="1" branch="false" />
                <line number="47" hits="1" branch="false" />
                <line number="48" hits="1" branch="false" />
                <line number="49" hits="1" branch="false" />
                <line number="50" hits="1" branch="false" />
                <line number="51" hits="1" branch="false" />
                <line number="52" hits="1" branch="false" />
                <line number="53" hits="1" branch="false" />
                <line number="57" hits="1" branch="false" />
                <line number="58" hits="1" branch="false" />
                <line number="59" hits="1" branch="false" />
                <line number="60" hits="1" branch="false" />
                <line number="61" hits="1" branch="false" />
                <line number="62" hits="1" branch="false" />
                <line number="63" hits="1" branch="false" />
                <line number="64" hits="1" branch="false" />
                <line number="65" hits="1" branch="false" />
                <line number="66" hits="1" branch="false" />
                <line number="67" hits="1" branch="false" />
                <line number="68" hits="1" branch="false" />
                <line number="69" hits="1" branch="false" />
                <line number="70" hits="1" branch="false" />
                <line number="71" hits="1" branch="false" />
                <line number="72" hits="1" branch="false" />
                <line number="76" hits="1" branch="false" />
                <line number="77" hits="1" branch="false" />
                <line number="78" hits="1" branch="false" />
                <line number="79" hits="1" branch="false" />
                <line number="80" hits="1" branch="false" />
                <line number="81" hits="1" branch="false" />
                <line number="82" hits="1" branch="false" />
                <line number="83" hits="1" branch="false" />
                <line number="87" hits="1" branch="false" />
                <line number="88" hits="1" branch="false" />
                <line number="89" hits="1" branch="false" />
                <line number="90" hits="1" branch="false" />
                <line number="91" hits="1" branch="false" />
                <line number="92" hits="1" branch="false" />
                <line number="93" hits="1" branch="false" />
                <line number="94" hits="1" branch="false" />
                <line number="95" hits="1" branch="false" />
                <line number="96" hits="1" branch="false" />
                <line number="97" hits="1" branch="false" />
                <line number="101" hits="1" branch="false" />
                <line number="102" hits="1" branch="false" />
                <line number="103" hits="1" branch="false" />
                <line number="104" hits="1" branch="false" />
                <line number="105" hits="1" branch="false" />
                <line number="106" hits="1" branch="false" />
                <line number="110" hits="1" branch="false" />
                <line number="111" hits="1" branch="false" />
                <line number="112" hits="1" branch="false" />
                <line number="113" hits="1" branch="false" />
                <line number="114" hits="1" branch="false" />
                <line number="115" hits="1" branch="false" />
                <line number="116" hits="1" branch="false" />
                <line number="120" hits="1" branch="false" />
                <line number="121" hits="1" branch="false" />
                <line number="122" hits="1" branch="false" />
                <line number="123" hits="1" branch="false" />
                <line number="124" hits="1" branch="false" />
                <line number="125" hits="1" branch="false" />
                <line number="126" hits="1" branch="false" />
                <line number="127" hits="1" branch="false" />
                <line number="128" hits="1" branch="false" />
                <line number="132" hits="1" branch="false" />
                <line number="133" hits="1" branch="false" />
                <line number="134" hits="1" branch="false" />
                <line number="135" hits="1" branch="false" />
                <line number="136" hits="1" branch="false" />
                <line number="140" hits="1" branch="false" />
                <line number="141" hits="1" branch="false" />
                <line number="142" hits="1" branch="false" />
                <line number="146" hits="1" branch="false" />
                <line number="147" hits="1" branch="false" />
                <line number="148" hits="1" branch="false" />
                <line number="149" hits="1" branch="false" />
                <line number="150" hits="1" branch="false" />
                <line number="151" hits="1" branch="false" />
                <line number="152" hits="1" branch="false" />
                <line number="156" hits="1" branch="false" />
                <line number="157" hits="1" branch="false" />
                <line number="158" hits="1" branch="false" />
                <line number="159" hits="1" branch="false" />
                <line number="160" hits="1" branch="false" />
                <line number="161" hits="1" branch="false" />
                <line number="165" hits="1" branch="false" />
                <line number="166" hits="1" branch="false" />
                <line number="167" hits="1" branch="false" />
                <line number="168" hits="1" branch="false" />
                <line number="169" hits="1" branch="false" />
                <line number="170" hits="1" branch="false" />
                <line number="171" hits="1" branch="false" />
                <line number="172" hits="1" branch="false" />
                <line number="173" hits="1" branch="false" />
                <line number="174" hits="1" branch="false" />
                <line number="175" hits="1" branch="false" />
                <line number="179" hits="1" branch="false" />
                <line number="180" hits="1" branch="false" />
                <line number="181" hits="1" branch="false" />
                <line number="182" hits="1" branch="false" />
                <line number="183" hits="1" branch="false" />
                <line number="184" hits="1" branch="false" />
                <line number="188" hits="1" branch="false" />
                <line number="189" hits="1" branch="false" />
                <line number="190" hits="1" branch="false" />
                <line number="191" hits="1" branch="false" />
                <line number="192" hits="1" branch="false" />
                <line number="193" hits="1" branch="false" />
                <line number="197" hits="1" branch="false" />
                <line number="198" hits="1" branch="false" />
                <line number="199" hits="1" branch="false" />
                <line number="200" hits="1" branch="false" />
                <line number="201" hits="1" branch="false" />
                <line number="202" hits="1" branch="false" />
                <line number="206" hits="1" branch="false" />
                <line number="207" hits="1" branch="false" />
                <line number="208" hits="1" branch="false" />
                <line number="209" hits="1" branch="false" />
                <line number="210" hits="1" branch="false" />
                <line number="211" hits="1" branch="false" />
                <line number="215" hits="1" branch="false" />
                <line number="216" hits="1" branch="false" />
                <line number="217" hits="1" branch="false" />
                <line number="218" hits="1" branch="false" />
                <line number="219" hits="1" branch="false" />
                <line number="223" hits="1" branch="false" />
                <line number="224" hits="1" branch="false" />
                <line number="225" hits="1" branch="false" />
                <line number="226" hits="1" branch="false" />
                <line number="227" hits="1" branch="false" />
                <line number="228" hits="1" branch="false" />
                <line number="229" hits="1" branch="false" />
                <line number="230" hits="1" branch="false" />
                <line number="231" hits="1" branch="false" />
                <line number="232" hits="1" branch="false" />
                <line number="233" hits="1" branch="false" />
                <line number="234" hits="1" branch="false" />
                <line number="235" hits="1" branch="false" />
                <line number="236" hits="1" branch="false" />
                <line number="237" hits="1" branch="false" />
                <line number="238" hits="1" branch="false" />
                <line number="239" hits="1" branch="false" />
                <line number="240" hits="1" branch="false" />
                <line number="241" hits="1" branch="false" />
                <line number="242" hits="1" branch="false" />
                <line number="244" hits="1" branch="false" />
              </lines>
            </method>
          </methods>
          <lines>
            <line number="9" hits="1" branch="false" />
            <line number="16" hits="1" branch="false" />
            <line number="17" hits="1" branch="true" condition-coverage="50% (2/4)" />
            <line number="18" hits="0" branch="false" />
            <line number="19" hits="0" branch="false" />
            <line number="20" hits="0" branch="false" />
            <line number="21" hits="1" branch="false" />
            <line number="22" hits="1" branch="false" />
            <line number="31" hits="1" branch="false" />
            <line number="32" hits="1" branch="false" />
            <line number="33" hits="1" branch="false" />
            <line number="34" hits="1" branch="false" />
            <line number="35" hits="1" branch="false" />
            <line number="36" hits="1" branch="false" />
            <line number="37" hits="1" branch="false" />
            <line number="38" hits="1" branch="false" />
            <line number="39" hits="1" branch="false" />
            <line number="40" hits="1" branch="false" />
            <line number="41" hits="1" branch="false" />
            <line number="42" hits="1" branch="false" />
            <line number="43" hits="1" branch="false" />
            <line number="44" hits="1" branch="false" />
            <line number="45" hits="1" branch="false" />
            <line number="46" hits="1" branch="false" />
            <line number="47" hits="1" branch="false" />
            <line number="48" hits="1" branch="false" />
            <line number="49" hits="1" branch="false" />
            <line number="50" hits="1" branch="false" />
            <line number="51" hits="1" branch="false" />
            <line number="52" hits="1" branch="false" />
            <line number="53" hits="1" branch="false" />
            <line number="57" hits="1" branch="false" />
            <line number="58" hits="1" branch="false" />
            <line number="59" hits="1" branch="false" />
            <line number="60" hits="1" branch="false" />
            <line number="61" hits="1" branch="false" />
            <line number="62" hits="1" branch="false" />
            <line number="63" hits="1" branch="false" />
            <line number="64" hits="1" branch="false" />
            <line number="65" hits="1" branch="false" />
            <line number="66" hits="1" branch="false" />
            <line number="67" hits="1" branch="false" />
            <line number="68" hits="1" branch="false" />
            <line number="69" hits="1" branch="false" />
            <line number="70" hits="1" branch="false" />
            <line number="71" hits="1" branch="false" />
            <line number="72" hits="1" branch="false" />
            <line number="76" hits="1" branch="false" />
            <line number="77" hits="1" branch="false" />
            <line number="78" hits="1" branch="false" />
            <line number="79" hits="1" branch="false" />
            <line number="80" hits="1" branch="false" />
            <line number="81" hits="1" branch="false" />
            <line number="82" hits="1" branch="false" />
            <line number="83" hits="1" branch="false" />
            <line number="87" hits="1" branch="false" />
            <line number="88" hits="1" branch="false" />
            <line number="89" hits="1" branch="false" />
            <line number="90" hits="1" branch="false" />
            <line number="91" hits="1" branch="false" />
            <line number="92" hits="1" branch="false" />
            <line number="93" hits="1" branch="false" />
            <line number="94" hits="1" branch="false" />
            <line number="95" hits="1" branch="false" />
            <line number="96" hits="1" branch="false" />
            <line number="97" hits="1" branch="false" />
            <line number="101" hits="1" branch="false" />
            <line number="102" hits="1" branch="false" />
            <line number="103" hits="1" branch="false" />
            <line number="104" hits="1" branch="false" />
            <line number="105" hits="1" branch="false" />
            <line number="106" hits="1" branch="false" />
            <line number="110" hits="1" branch="false" />
            <line number="111" hits="1" branch="false" />
            <line number="112" hits="1" branch="false" />
            <line number="113" hits="1" branch="false" />
            <line number="114" hits="1" branch="false" />
            <line number="115" hits="1" branch="false" />
            <line number="116" hits="1" branch="false" />
            <line number="120" hits="1" branch="false" />
            <line number="121" hits="1" branch="false" />
            <line number="122" hits="1" branch="false" />
            <line number="123" hits="1" branch="false" />
            <line number="124" hits="1" branch="false" />
            <line number="125" hits="1" branch="false" />
            <line number="126" hits="1" branch="false" />
            <line number="127" hits="1" branch="false" />
            <line number="128" hits="1" branch="false" />
            <line number="132" hits="1" branch="false" />
            <line number="133" hits="1" branch="false" />
            <line number="134" hits="1" branch="false" />
            <line number="135" hits="1" branch="false" />
            <line number="136" hits="1" branch="false" />
            <line number="140" hits="1" branch="false" />
            <line number="141" hits="1" branch="false" />
            <line number="142" hits="1" branch="false" />
            <line number="146" hits="1" branch="false" />
            <line number="147" hits="1" branch="false" />
            <line number="148" hits="1" branch="false" />
            <line number="149" hits="1" branch="false" />
            <line number="150" hits="1" branch="false" />
            <line number="151" hits="1" branch="false" />
            <line number="152" hits="1" branch="false" />
            <line number="156" hits="1" branch="false" />
            <line number="157" hits="1" branch="false" />
            <line number="158" hits="1" branch="false" />
            <line number="159" hits="1" branch="false" />
            <line number="160" hits="1" branch="false" />
            <line number="161" hits="1" branch="false" />
            <line number="165" hits="1" branch="false" />
            <line number="166" hits="1" branch="false" />
            <line number="167" hits="1" branch="false" />
            <line number="168" hits="1" branch="false" />
            <line number="169" hits="1" branch="false" />
            <line number="170" hits="1" branch="false" />
            <line number="171" hits="1" branch="false" />
            <line number="172" hits="1" branch="false" />
            <line number="173" hits="1" branch="false" />
            <line number="174" hits="1" branch="false" />
            <line number="175" hits="1" branch="false" />
            <line number="179" hits="1" branch="false" />
            <line number="180" hits="1" branch="false" />
            <line number="181" hits="1" branch="false" />
            <line number="182" hits="1" branch="false" />
            <line number="183" hits="1" branch="false" />
            <line number="184" hits="1" branch="false" />
            <line number="188" hits="1" branch="false" />
            <line number="189" hits="1" branch="false" />
            <line number="190" hits="1" branch="false" />
            <line number="191" hits="1" branch="false" />
            <line number="192" hits="1" branch="false" />
            <line number="193" hits="1" branch="false" />
            <line number="197" hits="1" branch="false" />
            <line number="198" hits="1" branch="false" />
            <line number="199" hits="1" branch="false" />
            <line number="200" hits="1" branch="false" />
            <line number="201" hits="1" branch="false" />
            <line number="202" hits="1" branch="false" />
            <line number="206" hits="1" branch="false" />
            <line number="207" hits="1" branch="false" />
            <line number="208" hits="1" branch="false" />
            <line number="209" hits="1" branch="false" />
            <line number="210" hits="1" branch="false" />
            <line number="211" hits="1" branch="false" />
            <line number="215" hits="1" branch="false" />
            <line number="216" hits="1" branch="false" />
            <line number="217" hits="1" branch="false" />
            <line number="218" hits="1" branch="false" />
            <line number="219" hits="1" branch="false" />
            <line number="223" hits="1" branch="false" />
            <line number="224" hits="1" branch="false" />
            <line number="225" hits="1" branch="false" />
            <line number="226" hits="1" branch="false" />
            <line number="227" hits="1" branch="false" />
            <line number="228" hits="1" branch="false" />
            <line number="229" hits="1" branch="false" />
            <line number="230" hits="1" branch="false" />
            <line number="231" hits="1" branch="false" />
            <line number="232" hits="1" branch="false" />
            <line number="233" hits="1" branch="false" />
            <line number="234" hits="1" branch="false" />
            <line number="235" hits="1" branch="false" />
            <line number="236" hits="1" branch="false" />
            <line number="237" hits="1" branch="false" />
            <line number="238" hits="1" branch="false" />
            <line number="239" hits="1" branch="false" />
            <line number="240" hits="1" branch="false" />
            <line number="241" hits="1" branch="false" />
            <line number="242" hits="1" branch="false" />
            <line number="244" hits="1" branch="false" />
          </lines>
        </class>
        <class name="PowerPoint.Line" filename="C:\Users\USER\Desktop\視窗程式設計\PowerPoint-main\PowerPoint-main\PowerPoint\Line.cs" line-rate="1" branch-rate="1" complexity="NaN">
          <methods>
            <method name=".ctor" signature="(PowerPoint.Position,PowerPoint.Position)" line-rate="1" branch-rate="1" complexity="NaN">
              <lines>
                <line number="7" hits="4" branch="false" />
                <line number="8" hits="4" branch="false" />
                <line number="9" hits="4" branch="false" />
                <line number="10" hits="4" branch="false" />
              </lines>
            </method>
            <method name="Draw" signature="(System.Drawing.Graphics)" line-rate="1" branch-rate="1" complexity="NaN">
              <lines>
                <line number="17" hits="2" branch="false" />
                <line number="18" hits="2" branch="false" />
                <line number="20" hits="2" branch="true" condition-coverage="100% (2/2)" />
                <line number="21" hits="1" branch="false" />
                <line number="22" hits="1" branch="false" />
                <line number="23" hits="1" branch="false" />
                <line number="25" hits="2" branch="false" />
              </lines>
            </method>
          </methods>
          <lines>
            <line number="7" hits="4" branch="false" />
            <line number="8" hits="4" branch="false" />
            <line number="9" hits="4" branch="false" />
            <line number="10" hits="4" branch="false" />
            <line number="17" hits="2" branch="false" />
            <line number="18" hits="2" branch="false" />
            <line number="20" hits="2" branch="true" condition-coverage="100% (2/2)" />
            <line number="21" hits="1" branch="false" />
            <line number="22" hits="1" branch="false" />
            <line number="23" hits="1" branch="false" />
            <line number="25" hits="2" branch="false" />
          </lines>
        </class>
        <class name="PowerPoint.Position" filename="C:\Users\USER\Desktop\視窗程式設計\PowerPoint-main\PowerPoint-main\PowerPoint\Position.cs" line-rate="1" branch-rate="1" complexity="NaN">
          <methods>
            <method name="X" signature="()" line-rate="1" branch-rate="1" complexity="NaN">
              <lines>
                <line number="15" hits="1495" branch="false" />
              </lines>
            </method>
            <method name="X" signature="(System.Int32)" line-rate="1" branch-rate="1" complexity="NaN">
              <lines>
                <line number="16" hits="1255" branch="false" />
              </lines>
            </method>
            <method name="Y" signature="()" line-rate="1" branch-rate="1" complexity="NaN">
              <lines>
                <line number="21" hits="1392" branch="false" />
              </lines>
            </method>
            <method name="Y" signature="(System.Int32)" line-rate="1" branch-rate="1" complexity="NaN">
              <lines>
                <line number="22" hits="1255" branch="false" />
              </lines>
            </method>
            <method name=".ctor" signature="(System.Int32,System.Int32)" line-rate="1" branch-rate="1" complexity="NaN">
              <lines>
                <line number="8" hits="853" branch="false" />
                <line number="9" hits="853" branch="false" />
                <line number="10" hits="853" branch="false" />
                <line number="11" hits="853" branch="false" />
              </lines>
            </method>
          </methods>
          <lines>
            <line number="8" hits="853" branch="false" />
            <line number="9" hits="853" branch="false" />
            <line number="10" hits="853" branch="false" />
            <line number="11" hits="853" branch="false" />
            <line number="15" hits="1495" branch="false" />
            <line number="16" hits="1255" branch="false" />
            <line number="21" hits="1392" branch="false" />
            <line number="22" hits="1255" branch="false" />
          </lines>
        </class>
        <class name="PowerPoint.Program" filename="C:\Users\USER\Desktop\視窗程式設計\PowerPoint-main\PowerPoint-main\PowerPoint\Program.cs" line-rate="0" branch-rate="1" complexity="1">
          <methods>
            <method name="Main" signature="()" line-rate="0" branch-rate="1" complexity="1">
              <lines>
                <line number="13" hits="0" branch="false" />
                <line number="14" hits="0" branch="false" />
                <line number="15" hits="0" branch="false" />
                <line number="16" hits="0" branch="false" />
                <line number="17" hits="0" branch="false" />
              </lines>
            </method>
          </methods>
          <lines>
            <line number="13" hits="0" branch="false" />
            <line number="14" hits="0" branch="false" />
            <line number="15" hits="0" branch="false" />
            <line number="16" hits="0" branch="false" />
            <line number="17" hits="0" branch="false" />
          </lines>
        </class>
        <class name="PowerPoint.Rectangle" filename="C:\Users\USER\Desktop\視窗程式設計\PowerPoint-main\PowerPoint-main\PowerPoint\Rectangle.cs" line-rate="1" branch-rate="0.5" complexity="NaN">
          <methods>
            <method name=".ctor" signature="(PowerPoint.Position,PowerPoint.Position)" line-rate="1" branch-rate="1" complexity="NaN">
              <lines>
                <line number="8" hits="102" branch="false" />
                <line number="9" hits="102" branch="false" />
                <line number="10" hits="102" branch="false" />
                <line number="11" hits="102" branch="false" />
              </lines>
            </method>
            <method name="Draw" signature="(System.Drawing.Graphics)" line-rate="1" branch-rate="0.5" complexity="NaN">
              <lines>
                <line number="18" hits="1" branch="false" />
                <line number="19" hits="1" branch="false" />
                <line number="20" hits="1" branch="false" />
                <line number="21" hits="1" branch="false" />
                <line number="23" hits="1" branch="true" condition-coverage="50% (1/2)" />
                <line number="24" hits="1" branch="false" />
                <line number="25" hits="1" branch="false" />
                <line number="26" hits="1" branch="false" />
                <line number="28" hits="1" branch="false" />
              </lines>
            </method>
          </methods>
          <lines>
            <line number="8" hits="102" branch="false" />
            <line number="9" hits="102" branch="false" />
            <line number="10" hits="102" branch="false" />
            <line number="11" hits="102" branch="false" />
            <line number="18" hits="1" branch="false" />
            <line number="19" hits="1" branch="false" />
            <line number="20" hits="1" branch="false" />
            <line number="21" hits="1" branch="false" />
            <line number="23" hits="1" branch="true" condition-coverage="50% (1/2)" />
            <line number="24" hits="1" branch="false" />
            <line number="25" hits="1" branch="false" />
            <line number="26" hits="1" branch="false" />
            <line number="28" hits="1" branch="false" />
          </lines>
        </class>
        <class name="PowerPoint.Shape" filename="C:\Users\USER\Desktop\視窗程式設計\PowerPoint-main\PowerPoint-main\PowerPoint\Shape.cs" line-rate="0.948275862068966" branch-rate="1" complexity="5">
          <methods>
            <method name="Info" signature="()" line-rate="0" branch-rate="1" complexity="NaN">
              <lines>
                <line number="119" hits="0" branch="false" />
                <line number="121" hits="0" branch="false" />
                <line number="122" hits="0" branch="false" />
              </lines>
            </method>
            <method name="Name" signature="()" line-rate="1" branch-rate="1" complexity="NaN">
              <lines>
                <line number="127" hits="1" branch="false" />
              </lines>
            </method>
            <method name="Name" signature="(System.String)" line-rate="1" branch-rate="1" complexity="NaN">
              <lines>
                <line number="128" hits="121" branch="false" />
              </lines>
            </method>
            <method name=".ctor" signature="(PowerPoint.Position,PowerPoint.Position)" line-rate="1" branch-rate="1" complexity="NaN">
              <lines>
                <line number="13" hits="121" branch="false" />
                <line number="14" hits="121" branch="false" />
                <line number="15" hits="121" branch="false" />
                <line number="16" hits="121" branch="false" />
                <line number="17" hits="121" branch="false" />
              </lines>
            </method>
            <method name="GetPoint1" signature="()" line-rate="1" branch-rate="1" complexity="1">
              <lines>
                <line number="23" hits="321" branch="false" />
                <line number="24" hits="321" branch="false" />
                <line number="25" hits="321" branch="false" />
              </lines>
            </method>
            <method name="GetPoint2" signature="()" line-rate="1" branch-rate="1" complexity="1">
              <lines>
                <line number="31" hits="318" branch="false" />
                <line number="32" hits="318" branch="false" />
                <line number="33" hits="318" branch="false" />
              </lines>
            </method>
            <method name="SetPoint1" signature="(PowerPoint.Position)" line-rate="1" branch-rate="1" complexity="NaN">
              <lines>
                <line number="39" hits="101" branch="false" />
                <line number="40" hits="101" branch="false" />
                <line number="41" hits="101" branch="false" />
                <line number="42" hits="101" branch="false" />
              </lines>
            </method>
            <method name="SetPoint2" signature="(PowerPoint.Position)" line-rate="1" branch-rate="1" complexity="NaN">
              <lines>
                <line number="48" hits="201" branch="false" />
                <line number="49" hits="201" branch="false" />
                <line number="50" hits="201" branch="false" />
                <line number="51" hits="201" branch="false" />
              </lines>
            </method>
            <method name="ShowSelectedPreview" signature="(System.Drawing.Graphics)" line-rate="1" branch-rate="1" complexity="NaN">
              <lines>
                <line number="59" hits="3" branch="false" />
                <line number="60" hits="3" branch="false" />
                <line number="61" hits="3" branch="false" />
                <line number="62" hits="3" branch="false" />
                <line number="65" hits="3" branch="false" />
                <line number="66" hits="3" branch="false" />
                <line number="67" hits="3" branch="false" />
                <line number="68" hits="3" branch="false" />
                <line number="69" hits="3" branch="false" />
                <line number="70" hits="3" branch="false" />
                <line number="71" hits="3" branch="false" />
                <line number="72" hits="3" branch="false" />
                <line number="73" hits="3" branch="false" />
              </lines>
            </method>
            <method name="GetWidth" signature="()" line-rate="1" branch-rate="1" complexity="1">
              <lines>
                <line number="79" hits="6" branch="false" />
                <line number="80" hits="6" branch="false" />
                <line number="81" hits="6" branch="false" />
              </lines>
            </method>
            <method name="GetHeight" signature="()" line-rate="1" branch-rate="1" complexity="1">
              <lines>
                <line number="87" hits="6" branch="false" />
                <line number="88" hits="6" branch="false" />
                <line number="89" hits="6" branch="false" />
              </lines>
            </method>
            <method name="DrawEllipseByCenterAndRadius" signature="(System.Drawing.Graphics,PowerPoint.Position,System.Single)" line-rate="1" branch-rate="1" complexity="NaN">
              <lines>
                <line number="99" hits="24" branch="false" />
                <line number="100" hits="24" branch="false" />
                <line number="101" hits="24" branch="false" />
                <line number="102" hits="24" branch="false" />
                <line number="103" hits="24" branch="false" />
                <line number="104" hits="24" branch="false" />
                <line number="105" hits="24" branch="false" />
                <line number="106" hits="24" branch="false" />
                <line number="107" hits="24" branch="false" />
              </lines>
            </method>
            <method name="IsSelected" signature="()" line-rate="1" branch-rate="1" complexity="1">
              <lines>
                <line number="139" hits="106" branch="false" />
                <line number="140" hits="106" branch="false" />
                <line number="141" hits="106" branch="false" />
              </lines>
            </method>
            <method name="SetSelected" signature="(System.Boolean)" line-rate="1" branch-rate="1" complexity="NaN">
              <lines>
                <line number="147" hits="111" branch="false" />
                <line number="148" hits="111" branch="false" />
                <line number="149" hits="111" branch="false" />
              </lines>
            </method>
          </methods>
          <lines>
            <line number="13" hits="121" branch="false" />
            <line number="14" hits="121" branch="false" />
            <line number="15" hits="121" branch="false" />
            <line number="16" hits="121" branch="false" />
            <line number="17" hits="121" branch="false" />
            <line number="23" hits="321" branch="false" />
            <line number="24" hits="321" branch="false" />
            <line number="25" hits="321" branch="false" />
            <line number="31" hits="318" branch="false" />
            <line number="32" hits="318" branch="false" />
            <line number="33" hits="318" branch="false" />
            <line number="39" hits="101" branch="false" />
            <line number="40" hits="101" branch="false" />
            <line number="41" hits="101" branch="false" />
            <line number="42" hits="101" branch="false" />
            <line number="48" hits="201" branch="false" />
            <line number="49" hits="201" branch="false" />
            <line number="50" hits="201" branch="false" />
            <line number="51" hits="201" branch="false" />
            <line number="59" hits="3" branch="false" />
            <line number="60" hits="3" branch="false" />
            <line number="61" hits="3" branch="false" />
            <line number="62" hits="3" branch="false" />
            <line number="65" hits="3" branch="false" />
            <line number="66" hits="3" branch="false" />
            <line number="67" hits="3" branch="false" />
            <line number="68" hits="3" branch="false" />
            <line number="69" hits="3" branch="false" />
            <line number="70" hits="3" branch="false" />
            <line number="71" hits="3" branch="false" />
            <line number="72" hits="3" branch="false" />
            <line number="73" hits="3" branch="false" />
            <line number="79" hits="6" branch="false" />
            <line number="80" hits="6" branch="false" />
            <line number="81" hits="6" branch="false" />
            <line number="87" hits="6" branch="false" />
            <line number="88" hits="6" branch="false" />
            <line number="89" hits="6" branch="false" />
            <line number="99" hits="24" branch="false" />
            <line number="100" hits="24" branch="false" />
            <line number="101" hits="24" branch="false" />
            <line number="102" hits="24" branch="false" />
            <line number="103" hits="24" branch="false" />
            <line number="104" hits="24" branch="false" />
            <line number="105" hits="24" branch="false" />
            <line number="106" hits="24" branch="false" />
            <line number="107" hits="24" branch="false" />
            <line number="119" hits="0" branch="false" />
            <line number="121" hits="0" branch="false" />
            <line number="122" hits="0" branch="false" />
            <line number="127" hits="1" branch="false" />
            <line number="128" hits="121" branch="false" />
            <line number="139" hits="106" branch="false" />
            <line number="140" hits="106" branch="false" />
            <line number="141" hits="106" branch="false" />
            <line number="147" hits="111" branch="false" />
            <line number="148" hits="111" branch="false" />
            <line number="149" hits="111" branch="false" />
          </lines>
        </class>
        <class name="PowerPoint.ShapeFactory" filename="C:\Users\USER\Desktop\視窗程式設計\PowerPoint-main\PowerPoint-main\PowerPoint\ShapeFactory.cs" line-rate="0.875" branch-rate="0.75" complexity="NaN">
          <methods>
            <method name="CreateShape" signature="(PowerPoint.ShapeType,PowerPoint.Position,PowerPoint.Position)" line-rate="0.875" branch-rate="0.75" complexity="NaN">
              <lines>
                <line number="15" hits="121" branch="false" />
                <line number="16" hits="121" branch="true" condition-coverage="75% (3/4)" />
                <line number="19" hits="102" branch="false" />
                <line number="20" hits="102" branch="false" />
                <line number="23" hits="4" branch="false" />
                <line number="25" hits="15" branch="false" />
                <line number="27" hits="0" branch="false" />
                <line number="29" hits="121" branch="false" />
              </lines>
            </method>
          </methods>
          <lines>
            <line number="15" hits="121" branch="false" />
            <line number="16" hits="121" branch="true" condition-coverage="75% (3/4)" />
            <line number="19" hits="102" branch="false" />
            <line number="20" hits="102" branch="false" />
            <line number="23" hits="4" branch="false" />
            <line number="25" hits="15" branch="false" />
            <line number="27" hits="0" branch="false" />
            <line number="29" hits="121" branch="false" />
          </lines>
        </class>
        <class name="PowerPoint.ViewModel" filename="C:\Users\USER\Desktop\視窗程式設計\PowerPoint-main\PowerPoint-main\PowerPoint\ViewModel.cs" line-rate="0.913793103448276" branch-rate="0.7" complexity="6">
          <methods>
            <method name="Shapes" signature="()" line-rate="1" branch-rate="1" complexity="NaN">
              <lines>
                <line number="209" hits="157" branch="false" />
              </lines>
            </method>
            <method name="Shapes" signature="(System.ComponentModel.BindingList`1&lt;PowerPoint.Shape&gt;)" line-rate="1" branch-rate="1" complexity="NaN">
              <lines>
                <line number="210" hits="11" branch="false" />
              </lines>
            </method>
            <method name="SelectedShape" signature="()" line-rate="1" branch-rate="1" complexity="NaN">
              <lines>
                <line number="215" hits="100" branch="false" />
              </lines>
            </method>
            <method name="SelectedShape" signature="(PowerPoint.ShapeType)" line-rate="1" branch-rate="1" complexity="NaN">
              <lines>
                <line number="216" hits="1" branch="false" />
              </lines>
            </method>
            <method name="CurrentMode" signature="()" line-rate="1" branch-rate="1" complexity="NaN">
              <lines>
                <line number="219" hits="3" branch="false" />
              </lines>
            </method>
            <method name="CurrentMode" signature="(PowerPoint.Mode)" line-rate="1" branch-rate="1" complexity="NaN">
              <lines>
                <line number="219" hits="3" branch="false" />
              </lines>
            </method>
            <method name=".ctor" signature="()" line-rate="1" branch-rate="1" complexity="1">
              <lines>
                <line number="14" hits="11" branch="false" />
                <line number="15" hits="11" branch="false" />
                <line number="16" hits="11" branch="false" />
                <line number="17" hits="11" branch="false" />
              </lines>
            </method>
            <method name="Draw" signature="(System.Drawing.Graphics)" line-rate="0.8" branch-rate="0.25" complexity="NaN">
              <lines>
                <line number="24" hits="32" branch="false" />
                <line number="25" hits="100" branch="false" />
                <line number="26" hits="2" branch="false" />
                <line number="27" hits="2" branch="false" />
                <line number="28" hits="2" branch="false" />
                <line number="30" hits="32" branch="true" condition-coverage="50% (1/2)" />
                <line number="31" hits="32" branch="false" />
                <line number="33" hits="0" branch="true" condition-coverage="0% (0/2)" />
                <line number="34" hits="0" branch="false" />
                <line number="35" hits="32" branch="false" />
              </lines>
            </method>
            <method name="Add" signature="(PowerPoint.Shape)" line-rate="1" branch-rate="1" complexity="NaN">
              <lines>
                <line number="42" hits="3" branch="false" />
                <line number="43" hits="3" branch="false" />
                <line number="44" hits="3" branch="false" />
                <line number="45" hits="3" branch="false" />
              </lines>
            </method>
            <method name="RemoveAt" signature="(System.Int32)" line-rate="1" branch-rate="1" complexity="NaN">
              <lines>
                <line number="52" hits="1" branch="false" />
                <line number="53" hits="1" branch="false" />
                <line number="54" hits="1" branch="false" />
                <line number="55" hits="1" branch="false" />
              </lines>
            </method>
            <method name="NotifyModelChanged" signature="()" line-rate="0.5" branch-rate="0.5" complexity="2">
              <lines>
                <line number="61" hits="307" branch="false" />
                <line number="62" hits="307" branch="true" condition-coverage="50% (1/2)" />
                <line number="63" hits="0" branch="false" />
                <line number="64" hits="0" branch="false" />
                <line number="65" hits="0" branch="false" />
                <line number="66" hits="307" branch="false" />
              </lines>
            </method>
            <method name="DeleteSelected" signature="()" line-rate="1" branch-rate="0.5" complexity="2">
              <lines>
                <line number="72" hits="1" branch="false" />
                <line number="73" hits="2" branch="true" condition-coverage="50% (1/2)" />
                <line number="74" hits="1" branch="false" />
                <line number="75" hits="1" branch="false" />
                <line number="76" hits="1" branch="false" />
              </lines>
            </method>
            <method name="IsInRange" signature="(PowerPoint.Position,PowerPoint.Position,PowerPoint.Position)" line-rate="1" branch-rate="1" complexity="NaN">
              <lines>
                <line number="86" hits="103" branch="false" />
                <line number="87" hits="103" branch="false" />
                <line number="88" hits="103" branch="false" />
                <line number="89" hits="103" branch="false" />
                <line number="90" hits="103" branch="false" />
                <line number="92" hits="103" branch="true" condition-coverage="100% (6/6)" />
                <line number="93" hits="103" branch="false" />
              </lines>
            </method>
            <method name="HandleCanvasPressed" signature="(System.Object,System.Windows.Forms.MouseEventArgs)" line-rate="1" branch-rate="1" complexity="NaN">
              <lines>
                <line number="101" hits="201" branch="false" />
                <line number="102" hits="201" branch="false" />
                <line number="103" hits="201" branch="false" />
                <line number="105" hits="201" branch="true" condition-coverage="100% (2/2)" />
                <line number="106" hits="102" branch="false" />
                <line number="107" hits="510" branch="false" />
                <line number="108" hits="102" branch="false" />
                <line number="109" hits="102" branch="false" />
                <line number="110" hits="102" branch="false" />
                <line number="111" hits="102" branch="false" />
                <line number="113" hits="102" branch="false" />
                <line number="114" hits="102" branch="false" />
                <line number="117" hits="99" branch="false" />
                <line number="118" hits="99" branch="false" />
                <line number="119" hits="99" branch="false" />
                <line number="120" hits="99" branch="false" />
                <line number="121" hits="99" branch="false" />
                <line number="122" hits="99" branch="false" />
                <line number="123" hits="201" branch="false" />
              </lines>
            </method>
            <method name="HandleCanvasMoved" signature="(System.Object,System.Windows.Forms.MouseEventArgs)" line-rate="0.875" branch-rate="0.7" complexity="NaN">
              <lines>
                <line number="131" hits="199" branch="false" />
                <line number="132" hits="199" branch="true" condition-coverage="50% (1/2)" />
                <line number="133" hits="0" branch="false" />
                <line number="135" hits="199" branch="true" condition-coverage="100% (2/2)" />
                <line number="136" hits="100" branch="false" />
                <line number="138" hits="100" branch="true" condition-coverage="50% (1/2)" />
                <line number="139" hits="100" branch="false" />
                <line number="140" hits="100" branch="true" condition-coverage="100% (2/2)" />
                <line number="141" hits="99" branch="false" />
                <line number="142" hits="99" branch="false" />
                <line number="143" hits="99" branch="false" />
                <line number="145" hits="1" branch="false" />
                <line number="146" hits="1" branch="false" />
                <line number="147" hits="2" branch="false" />
                <line number="148" hits="1" branch="false" />
                <line number="149" hits="1" branch="false" />
                <line number="150" hits="1" branch="false" />
                <line number="151" hits="100" branch="false" />
                <line number="153" hits="0" branch="false" />
                <line number="154" hits="0" branch="false" />
                <line number="157" hits="100" branch="true" condition-coverage="50% (1/2)" />
                <line number="158" hits="0" branch="false" />
                <line number="160" hits="100" branch="false" />
                <line number="161" hits="100" branch="false" />
                <line number="162" hits="100" branch="false" />
                <line number="164" hits="100" branch="false" />
                <line number="165" hits="100" branch="false" />
                <line number="167" hits="100" branch="false" />
                <line number="168" hits="100" branch="false" />
                <line number="171" hits="99" branch="false" />
                <line number="172" hits="99" branch="false" />
                <line number="173" hits="199" branch="false" />
              </lines>
            </method>
            <method name="HandleCanvasReleased" signature="(System.Object,System.Windows.Forms.MouseEventArgs)" line-rate="0.928571428571429" branch-rate="0.75" complexity="NaN">
              <lines>
                <line number="181" hits="2" branch="false" />
                <line number="182" hits="2" branch="true" condition-coverage="50% (1/2)" />
                <line number="183" hits="0" branch="false" />
                <line number="185" hits="2" branch="false" />
                <line number="186" hits="2" branch="false" />
                <line number="187" hits="2" branch="true" condition-coverage="100% (2/2)" />
                <line number="188" hits="1" branch="false" />
                <line number="190" hits="1" branch="false" />
                <line number="193" hits="1" branch="false" />
                <line number="194" hits="1" branch="false" />
                <line number="196" hits="1" branch="false" />
                <line number="197" hits="1" branch="false" />
                <line number="198" hits="1" branch="false" />
                <line number="199" hits="2" branch="false" />
              </lines>
            </method>
            <method name="SetCurrentMode" signature="(PowerPoint.Mode)" line-rate="1" branch-rate="1" complexity="NaN">
              <lines>
                <line number="226" hits="3" branch="false" />
                <line number="227" hits="3" branch="false" />
                <line number="228" hits="3" branch="false" />
              </lines>
            </method>
            <method name="GetCurrentMode" signature="()" line-rate="1" branch-rate="1" complexity="1">
              <lines>
                <line number="235" hits="527" branch="false" />
                <line number="236" hits="527" branch="false" />
                <line number="237" hits="527" branch="false" />
              </lines>
            </method>
          </methods>
          <lines>
            <line number="14" hits="11" branch="false" />
            <line number="15" hits="11" branch="false" />
            <line number="16" hits="11" branch="false" />
            <line number="17" hits="11" branch="false" />
            <line number="24" hits="32" branch="false" />
            <line number="25" hits="100" branch="false" />
            <line number="26" hits="2" branch="false" />
            <line number="27" hits="2" branch="false" />
            <line number="28" hits="2" branch="false" />
            <line number="30" hits="32" branch="true" condition-coverage="50% (1/2)" />
            <line number="31" hits="32" branch="false" />
            <line number="33" hits="0" branch="true" condition-coverage="0% (0/2)" />
            <line number="34" hits="0" branch="false" />
            <line number="35" hits="32" branch="false" />
            <line number="42" hits="3" branch="false" />
            <line number="43" hits="3" branch="false" />
            <line number="44" hits="3" branch="false" />
            <line number="45" hits="3" branch="false" />
            <line number="52" hits="1" branch="false" />
            <line number="53" hits="1" branch="false" />
            <line number="54" hits="1" branch="false" />
            <line number="55" hits="1" branch="false" />
            <line number="61" hits="307" branch="false" />
            <line number="62" hits="307" branch="true" condition-coverage="50% (1/2)" />
            <line number="63" hits="0" branch="false" />
            <line number="64" hits="0" branch="false" />
            <line number="65" hits="0" branch="false" />
            <line number="66" hits="307" branch="false" />
            <line number="72" hits="1" branch="false" />
            <line number="73" hits="2" branch="true" condition-coverage="50% (1/2)" />
            <line number="74" hits="1" branch="false" />
            <line number="75" hits="1" branch="false" />
            <line number="76" hits="1" branch="false" />
            <line number="86" hits="103" branch="false" />
            <line number="87" hits="103" branch="false" />
            <line number="88" hits="103" branch="false" />
            <line number="89" hits="103" branch="false" />
            <line number="90" hits="103" branch="false" />
            <line number="92" hits="103" branch="true" condition-coverage="100% (6/6)" />
            <line number="93" hits="103" branch="false" />
            <line number="101" hits="201" branch="false" />
            <line number="102" hits="201" branch="false" />
            <line number="103" hits="201" branch="false" />
            <line number="105" hits="201" branch="true" condition-coverage="100% (2/2)" />
            <line number="106" hits="102" branch="false" />
            <line number="107" hits="510" branch="false" />
            <line number="108" hits="102" branch="false" />
            <line number="109" hits="102" branch="false" />
            <line number="110" hits="102" branch="false" />
            <line number="111" hits="102" branch="false" />
            <line number="113" hits="102" branch="false" />
            <line number="114" hits="102" branch="false" />
            <line number="117" hits="99" branch="false" />
            <line number="118" hits="99" branch="false" />
            <line number="119" hits="99" branch="false" />
            <line number="120" hits="99" branch="false" />
            <line number="121" hits="99" branch="false" />
            <line number="122" hits="99" branch="false" />
            <line number="123" hits="201" branch="false" />
            <line number="131" hits="199" branch="false" />
            <line number="132" hits="199" branch="true" condition-coverage="50% (1/2)" />
            <line number="133" hits="0" branch="false" />
            <line number="135" hits="199" branch="true" condition-coverage="100% (2/2)" />
            <line number="136" hits="100" branch="false" />
            <line number="138" hits="100" branch="true" condition-coverage="50% (1/2)" />
            <line number="139" hits="100" branch="false" />
            <line number="140" hits="100" branch="true" condition-coverage="100% (2/2)" />
            <line number="141" hits="99" branch="false" />
            <line number="142" hits="99" branch="false" />
            <line number="143" hits="99" branch="false" />
            <line number="145" hits="1" branch="false" />
            <line number="146" hits="1" branch="false" />
            <line number="147" hits="2" branch="false" />
            <line number="148" hits="1" branch="false" />
            <line number="149" hits="1" branch="false" />
            <line number="150" hits="1" branch="false" />
            <line number="151" hits="100" branch="false" />
            <line number="153" hits="0" branch="false" />
            <line number="154" hits="0" branch="false" />
            <line number="157" hits="100" branch="true" condition-coverage="50% (1/2)" />
            <line number="158" hits="0" branch="false" />
            <line number="160" hits="100" branch="false" />
            <line number="161" hits="100" branch="false" />
            <line number="162" hits="100" branch="false" />
            <line number="164" hits="100" branch="false" />
            <line number="165" hits="100" branch="false" />
            <line number="167" hits="100" branch="false" />
            <line number="168" hits="100" branch="false" />
            <line number="171" hits="99" branch="false" />
            <line number="172" hits="99" branch="false" />
            <line number="173" hits="199" branch="false" />
            <line number="181" hits="2" branch="false" />
            <line number="182" hits="2" branch="true" condition-coverage="50% (1/2)" />
            <line number="183" hits="0" branch="false" />
            <line number="185" hits="2" branch="false" />
            <line number="186" hits="2" branch="false" />
            <line number="187" hits="2" branch="true" condition-coverage="100% (2/2)" />
            <line number="188" hits="1" branch="false" />
            <line number="190" hits="1" branch="false" />
            <line number="193" hits="1" branch="false" />
            <line number="194" hits="1" branch="false" />
            <line number="196" hits="1" branch="false" />
            <line number="197" hits="1" branch="false" />
            <line number="198" hits="1" branch="false" />
            <line number="199" hits="2" branch="false" />
            <line number="209" hits="157" branch="false" />
            <line number="210" hits="11" branch="false" />
            <line number="215" hits="100" branch="false" />
            <line number="216" hits="1" branch="false" />
            <line number="219" hits="3" branch="false" />
            <line number="226" hits="3" branch="false" />
            <line number="227" hits="3" branch="false" />
            <line number="228" hits="3" branch="false" />
            <line number="235" hits="527" branch="false" />
            <line number="236" hits="527" branch="false" />
            <line number="237" hits="527" branch="false" />
          </lines>
        </class>
      </classes>
    </package>
    <package name="PowerPointTests" line-rate="1" branch-rate="1" complexity="21">
      <classes>
        <class name="PowerPoint.Tests.ShapeFactoryTests" filename="C:\Users\USER\Desktop\視窗程式設計\PowerPoint-main\PowerPoint-main\PowerPointTests\ShapeFactoryTests.cs" line-rate="1" branch-rate="1" complexity="1">
          <methods>
            <method name="CreateShapeTest" signature="()" line-rate="1" branch-rate="1" complexity="1">
              <lines>
                <line number="18" hits="1" branch="false" />
                <line number="19" hits="1" branch="false" />
                <line number="20" hits="1" branch="false" />
                <line number="21" hits="1" branch="false" />
                <line number="22" hits="1" branch="false" />
                <line number="23" hits="1" branch="false" />
                <line number="24" hits="1" branch="false" />
                <line number="25" hits="1" branch="false" />
                <line number="26" hits="1" branch="false" />
                <line number="27" hits="1" branch="false" />
                <line number="28" hits="1" branch="false" />
                <line number="29" hits="1" branch="false" />
                <line number="30" hits="1" branch="false" />
              </lines>
            </method>
          </methods>
          <lines>
            <line number="18" hits="1" branch="false" />
            <line number="19" hits="1" branch="false" />
            <line number="20" hits="1" branch="false" />
            <line number="21" hits="1" branch="false" />
            <line number="22" hits="1" branch="false" />
            <line number="23" hits="1" branch="false" />
            <line number="24" hits="1" branch="false" />
            <line number="25" hits="1" branch="false" />
            <line number="26" hits="1" branch="false" />
            <line number="27" hits="1" branch="false" />
            <line number="28" hits="1" branch="false" />
            <line number="29" hits="1" branch="false" />
            <line number="30" hits="1" branch="false" />
          </lines>
        </class>
        <class name="PowerPoint.Tests.ShapeTests" filename="C:\Users\USER\Desktop\視窗程式設計\PowerPoint-main\PowerPoint-main\PowerPointTests\ShapeTests.cs" line-rate="1" branch-rate="1" complexity="7">
          <methods>
            <method name="GetPoint1Test" signature="()" line-rate="1" branch-rate="1" complexity="1">
              <lines>
                <line number="22" hits="1" branch="false" />
                <line number="23" hits="1" branch="false" />
                <line number="24" hits="1" branch="false" />
                <line number="25" hits="1" branch="false" />
                <line number="26" hits="1" branch="false" />
                <line number="27" hits="1" branch="false" />
                <line number="28" hits="1" branch="false" />
              </lines>
            </method>
            <method name="GetPoint2Test" signature="()" line-rate="1" branch-rate="1" complexity="1">
              <lines>
                <line number="32" hits="1" branch="false" />
                <line number="33" hits="1" branch="false" />
                <line number="34" hits="1" branch="false" />
                <line number="35" hits="1" branch="false" />
                <line number="36" hits="1" branch="false" />
                <line number="37" hits="1" branch="false" />
              </lines>
            </method>
            <method name="SetPoint1Test" signature="()" line-rate="1" branch-rate="1" complexity="1">
              <lines>
                <line number="41" hits="1" branch="false" />
                <line number="42" hits="1" branch="false" />
                <line number="43" hits="1" branch="false" />
                <line number="44" hits="1" branch="false" />
                <line number="45" hits="1" branch="false" />
                <line number="46" hits="1" branch="false" />
                <line number="47" hits="1" branch="false" />
                <line number="48" hits="1" branch="false" />
              </lines>
            </method>
            <method name="SetPoint2Test" signature="()" line-rate="1" branch-rate="1" complexity="1">
              <lines>
                <line number="52" hits="1" branch="false" />
                <line number="53" hits="1" branch="false" />
                <line number="54" hits="1" branch="false" />
                <line number="55" hits="1" branch="false" />
                <line number="56" hits="1" branch="false" />
                <line number="57" hits="1" branch="false" />
                <line number="58" hits="1" branch="false" />
                <line number="59" hits="1" branch="false" />
              </lines>
            </method>
            <method name="IsSelectedTest" signature="()" line-rate="1" branch-rate="1" complexity="1">
              <lines>
                <line number="63" hits="1" branch="false" />
                <line number="64" hits="1" branch="false" />
                <line number="65" hits="1" branch="false" />
                <line number="66" hits="1" branch="false" />
                <line number="67" hits="1" branch="false" />
                <line number="68" hits="1" branch="false" />
                <line number="69" hits="1" branch="false" />
                <line number="70" hits="1" branch="false" />
              </lines>
            </method>
            <method name="SetSelectedTest" signature="()" line-rate="1" branch-rate="1" complexity="1">
              <lines>
                <line number="74" hits="1" branch="false" />
                <line number="75" hits="1" branch="false" />
                <line number="76" hits="1" branch="false" />
                <line number="77" hits="1" branch="false" />
                <line number="78" hits="1" branch="false" />
                <line number="79" hits="1" branch="false" />
                <line number="80" hits="1" branch="false" />
                <line number="81" hits="1" branch="false" />
              </lines>
            </method>
            <method name="DrawTest" signature="()" line-rate="1" branch-rate="1" complexity="1">
              <lines>
                <line number="85" hits="1" branch="false" />
                <line number="86" hits="1" branch="false" />
                <line number="87" hits="1" branch="false" />
                <line number="88" hits="1" branch="false" />
                <line number="89" hits="1" branch="false" />
                <line number="90" hits="1" branch="false" />
                <line number="91" hits="1" branch="false" />
                <line number="92" hits="1" branch="false" />
                <line number="93" hits="1" branch="false" />
                <line number="94" hits="1" branch="false" />
                <line number="95" hits="1" branch="false" />
                <line number="96" hits="1" branch="false" />
                <line number="97" hits="1" branch="false" />
                <line number="98" hits="1" branch="false" />
[...]
            <line number="32" hits="1" branch="false" />
            <line number="33" hits="1" branch="false" />
            <line number="34" hits="1" branch="false" />
            <line number="35" hits="1" branch="false" />
            <line number="36" hits="1" branch="false" />
            <line number="37" hits="1" branch="false" />
            <line number="41" hits="1" branch="false" />
            <line number="42" hits="1" branch="false" />
            <line number="43" hits="1" branch="false" />
            <line number="44" hits="1" branch="false" />
            <line number="45" hits="1" branch="false" />
            <line number="46" hits="1" branch="false" />
            <line number="47" hits="1" branch="false" />
            <line number="48" hits="1" branch="false" />
            <line number="52" hits="1" branch="false" />
            <line number="53" hits="1" branch="false" />
            <line number="54" hits="1" branch="false" />
            <line number="55" hits="1" branch="false" />
            <line number="56" hits="1" branch="false" />
            <line number="57" hits="1" branch="false" />
            <line number="58" hits="1" branch="false" />
            <line number="59" hits="1" branch="false" />
            <line number="63" hits="1" branch="false" />
            <line number="64" hits="1" branch="false" />
            <line number="65" hits="1" branch="false" />
            <line number="66" hits="1" branch="false" />
            <line number="67" hits="1" branch="false" />
            <line number="68" hits="1" branch="false" />
            <line number="69" hits="1" branch="false" />
            <line number="70" hits="1" branch="false" />
            <line number="74" hits="1" branch="false" />
            <line number="75" hits="1" branch="false" />
            <line number="76" hits="1" branch="false" />
            <line number="77" hits="1" branch="false" />
            <line number="78" hits="1" branch="false" />
            <line number="79" hits="1" branch="false" />
            <line number="80" hits="1" branch="false" />
            <line number="81" hits="1" branch="false" />
            <line number="85" hits="1" branch="false" />
            <line number="86" hits="1" branch="false" />
            <line number="87" hits="1" branch="false" />
            <line number="88" hits="1" branch="false" />
            <line number="89" hits="1" branch="false" />
            <line number="90" hits="1" branch="false" />
            <line number="91" hits="1" branch="false" />
            <line number="92" hits="1" branch="false" />
            <line number="93" hits="1" branch="false" />
            <line number="94" hits="1" branch="false" />
            <line number="95" hits="1" branch="false" />
            <line number="96" hits="1" branch="false" />
            <line number="97" hits="1" branch="false" />
            <line number="98" hits="1" branch="false" />
            <line number="99" hits="1" branch="false" />
            <line number="100" hits="1" branch="false" />
            <line number="101" hits="1" branch="false" />
          </lines>
        </class>
        <class name="PowerPoint.Tests.ViewModelTests" filename="C:\Users\USER\Desktop\視窗程式設計\PowerPoint-main\PowerPoint-main\PowerPointTests\ViewModelTests.cs" line-rate="1" branch-rate="1" complexity="13">
          <methods>
            <method name="ViewModelTest" signature="()" line-rate="1" branch-rate="1" complexity="1">
              <lines>
                <line number="21" hits="1" branch="false" />
                <line number="22" hits="1" branch="false" />
                <line number="23" hits="1" branch="false" />
                <line number="24" hits="1" branch="false" />
                <line number="25" hits="1" branch="false" />
              </lines>
            </method>
            <method name="AddTest" signature="()" line-rate="1" branch-rate="1" complexity="1">
              <lines>
                <line number="30" hits="1" branch="false" />
                <line number="31" hits="1" branch="false" />
                <line number="32" hits="1" branch="false" />
                <line number="33" hits="1" branch="false" />
                <line number="34" hits="1" branch="false" />
                <line number="35" hits="1" branch="false" />
                <line number="36" hits="1" branch="false" />
                <line number="37" hits="1" branch="false" />
                <line number="38" hits="1" branch="false" />
              </lines>
            </method>
            <method name="RemoveAtTest" signature="()" line-rate="1" branch-rate="1" complexity="1">
              <lines>
                <line number="42" hits="1" branch="false" />
                <line number="43" hits="1" branch="false" />
                <line number="44" hits="1" branch="false" />
                <line number="45" hits="1" branch="false" />
                <line number="46" hits="1" branch="false" />
                <line number="47" hits="1" branch="false" />
                <line number="48" hits="1" branch="false" />
                <line number="49" hits="1" branch="false" />
                <line number="50" hits="1" branch="false" />
                <line number="51" hits="1" branch="false" />
                <line number="52" hits="1" branch="false" />
                <line number="53" hits="1" branch="false" />
                <line number="54" hits="1" branch="false" />
                <line number="55" hits="1" branch="false" />
              </lines>
            </method>
            <method name="SetCurrentModeTest" signature="()" line-rate="1" branch-rate="1" complexity="1">
              <lines>
                <line number="59" hits="1" branch="false" />
                <line number="60" hits="1" branch="false" />
                <line number="61" hits="1" branch="false" />
                <line number="62" hits="1" branch="false" />
                <line number="63" hits="1" branch="false" />
                <line number="64" hits="1" branch="false" />
              </lines>
            </method>
            <method name="GetCurrentModeTest" signature="()" line-rate="1" branch-rate="1" complexity="1">
              <lines>
                <line number="68" hits="1" branch="false" />
                <line number="69" hits="1" branch="false" />
                <line number="70" hits="1" branch="false" />
                <line number="71" hits="1" branch="false" />
                <line number="72" hits="1" branch="false" />
                <line number="73" hits="1" branch="false" />
                <line number="74" hits="1" branch="false" />
              </lines>
            </method>
            <method name="DrawTest" signature="()" line-rate="1" branch-rate="1" complexity="1">
              <lines>
                <line number="78" hits="1" branch="false" />
                <line number="79" hits="1" branch="false" />
                <line number="80" hits="1" branch="false" />
                <line number="81" hits="1" branch="false" />
                <line number="82" hits="1" branch="false" />
                <line number="83" hits="1" branch="false" />
                <line number="84" hits="1" branch="false" />
                <line number="85" hits="1" branch="false" />
                <line number="86" hits="1" branch="false" />
                <line number="87" hits="1" branch="false" />
                <line number="89" hits="1" branch="false" />
                <line number="90" hits="1" branch="false" />
                <line number="91" hits="1" branch="false" />
                <line number="94" hits="1" branch="false" />
              </lines>
            </method>
            <method name="DeleteSelectedTest" signature="()" line-rate="1" branch-rate="1" complexity="1">
              <lines>
                <line number="98" hits="1" branch="false" />
                <line number="99" hits="1" branch="false" />
                <line number="100" hits="1" branch="false" />
                <line number="101" hits="1" branch="false" />
                <line number="102" hits="1" branch="false" />
                <line number="103" hits="1" branch="false" />
                <line number="104" hits="1" branch="false" />
                <line number="105" hits="1" branch="false" />
                <line number="106" hits="1" branch="false" />
                <line number="107" hits="1" branch="false" />
                <line number="108" hits="1" branch="false" />
              </lines>
            </method>
            <method name="HandleCanvasPressedTest1" signature="()" line-rate="1" branch-rate="1" complexity="1">
              <lines>
                <line number="112" hits="1" branch="false" />
                <line number="114" hits="1" branch="false" />
                <line number="115" hits="1" branch="false" />
                <line number="116" hits="1" branch="false" />
                <line number="117" hits="1" branch="false" />
                <line number="118" hits="1" branch="false" />
                <line number="119" hits="1" branch="false" />
                <line number="120" hits="1" branch="false" />
                <line number="121" hits="1" branch="false" />
                <line number="122" hits="1" branch="false" />
                <line number="124" hits="1" branch="false" />
              </lines>
            </method>
            <method name="HandleCanvasMovedTest1" signature="()" line-rate="1" branch-rate="1" complexity="2">
              <lines>
                <line number="128" hits="1" branch="false" />
                <line number="130" hits="1" branch="false" />
                <line number="131" hits="1" branch="false" />
                <line number="132" hits="1" branch="false" />
                <line number="133" hits="1" branch="false" />
                <line number="134" hits="1" branch="false" />
                <line number="135" hits="1" branch="false" />
                <line number="136" hits="1" branch="false" />
                <line number="137" hits="200" branch="true" condition-coverage="100% (2/2)" />
                <line number="138" hits="99" branch="false" />
                <line number="139" hits="99" branch="false" />
                <line number="140" hits="99" branch="false" />
                <line number="141" hits="99" branch="false" />
                <line number="142" hits="99" branch="false" />
                <line number="143" hits="1" branch="false" />
                <line number="144" hits="1" branch="false" />
                <line number="145" hits="1" branch="false" />
                <line number="146" hits="1" branch="false" />
                <line number="148" hits="1" branch="false" />
              </lines>
            </method>
            <method name="HandleCanvasReleasedTest1" signature="()" line-rate="1" branch-rate="1" complexity="2">
              <lines>
                <line number="152" hits="1" branch="false" />
                <line number="154" hits="1" branch="false" />
                <line number="155" hits="1" branch="false" />
                <line number="156" hits="1" branch="false" />
                <line number="157" hits="1" branch="false" />
                <line number="158" hits="1" branch="false" />
                <line number="159" hits="1" branch="false" />
                <line number="160" hits="1" branch="false" />
                <line number="161" hits="202" branch="true" condition-coverage="100% (2/2)" />
                <line number="162" hits="100" branch="false" />
                <line number="163" hits="100" branch="false" />
                <line number="164" hits="100" branch="false" />
                <line number="165" hits="100" branch="false" />
                <line number="166" hits="100" branch="false" />
                <line number="167" hits="1" branch="false" />
                <line number="168" hits="1" branch="false" />
                <line number="171" hits="1" branch="false" />
              </lines>
            </method>
            <method name="FormLoadTest" signature="()" line-rate="1" branch-rate="1" complexity="1">
              <lines>
                <line number="176" hits="1" branch="false" />
                <line number="177" hits="1" branch="false" />
                <line number="178" hits="1" branch="false" />
                <line number="179" hits="1" branch="false" />
                <line number="180" hits="1" branch="false" />
                <line number="181" hits="1" branch="false" />
                <line number="182" hits="1" branch="false" />
                <line number="183" hits="1" branch="false" />
              </lines>
            </method>
          </methods>
          <lines>
            <line number="21" hits="1" branch="false" />
            <line number="22" hits="1" branch="false" />
            <line number="23" hits="1" branch="false" />
            <line number="24" hits="1" branch="false" />
            <line number="25" hits="1" branch="false" />
            <line number="30" hits="1" branch="false" />
            <line number="31" hits="1" branch="false" />
            <line number="32" hits="1" branch="false" />
            <line number="33" hits="1" branch="false" />
            <line number="34" hits="1" branch="false" />
            <line number="35" hits="1" branch="false" />
            <line number="36" hits="1" branch="false" />
            <line number="37" hits="1" branch="false" />
            <line number="38" hits="1" branch="false" />
            <line number="42" hits="1" branch="false" />
            <line number="43" hits="1" branch="false" />
            <line number="44" hits="1" branch="false" />
            <line number="45" hits="1" branch="false" />
            <line number="46" hits="1" branch="false" />
            <line number="47" hits="1" branch="false" />
            <line number="48" hits="1" branch="false" />
            <line number="49" hits="1" branch="false" />
            <line number="50" hits="1" branch="false" />
            <line number="51" hits="1" branch="false" />
            <line number="52" hits="1" branch="false" />
            <line number="53" hits="1" branch="false" />
            <line number="54" hits="1" branch="false" />
            <line number="55" hits="1" branch="false" />
            <line number="59" hits="1" branch="false" />
            <line number="60" hits="1" branch="false" />
            <line number="61" hits="1" branch="false" />
            <line number="62" hits="1" branch="false" />
            <line number="63" hits="1" branch="false" />
            <line number="64" hits="1" branch="false" />
            <line number="68" hits="1" branch="false" />
            <line number="69" hits="1" branch="false" />
            <line number="70" hits="1" branch="false" />
            <line number="71" hits="1" branch="false" />
            <line number="72" hits="1" branch="false" />
            <line number="73" hits="1" branch="false" />
            <line number="74" hits="1" branch="false" />
            <line number="78" hits="1" branch="false" />
            <line number="79" hits="1" branch="false" />
            <line number="80" hits="1" branch="false" />
            <line number="81" hits="1" branch="false" />
            <line number="82" hits="1" branch="false" />
            <line number="83" hits="1" branch="false" />
            <line number="84" hits="1" branch="false" />
            <line number="85" hits="1" branch="false" />
            <line number="86" hits="1" branch="false" />
            <line number="87" hits="1" branch="false" />
            <line number="89" hits="1" branch="false" />
            <line number="90" hits="1" branch="false" />
            <line number="91" hits="1" branch="false" />
            <line number="94" hits="1" branch="false" />
            <line number="98" hits="1" branch="false" />
            <line number="99" hits="1" branch="false" />
            <line number="100" hits="1" branch="false" />
            <line number="101" hits="1" branch="false" />
            <line number="102" hits="1" branch="false" />
            <line number="103" hits="1" branch="false" />
            <line number="104" hits="1" branch="false" />
            <line number="105" hits="1" branch="false" />
            <line number="106" hits="1" branch="false" />
            <line number="107" hits="1" branch="false" />
            <line number="108" hits="1" branch="false" />
            <line number="112" hits="1" branch="false" />
            <line number="114" hits="1" branch="false" />
            <line number="115" hits="1" branch="false" />
            <line number="116" hits="1" branch="false" />
            <line number="117" hits="1" branch="false" />
            <line number="118" hits="1" branch="false" />
            <line number="119" hits="1" branch="false" />
            <line number="120" hits="1" branch="false" />
            <line number="121" hits="1" branch="false" />
            <line number="122" hits="1" branch="false" />
            <line number="124" hits="1" branch="false" />
            <line number="128" hits="1" branch="false" />
            <line number="130" hits="1" branch="false" />
            <line number="131" hits="1" branch="false" />
            <line number="132" hits="1" branch="false" />
            <line number="133" hits="1" branch="false" />
            <line number="134" hits="1" branch="false" />
            <line number="135" hits="1" branch="false" />
            <line number="136" hits="1" branch="false" />
            <line number="137" hits="200" branch="true" condition-coverage="100% (2/2)" />
            <line number="138" hits="99" branch="false" />
            <line number="139" hits="99" branch="false" />
            <line number="140" hits="99" branch="false" />
            <line number="141" hits="99" branch="false" />
            <line number="142" hits="99" branch="false" />
            <line number="143" hits="1" branch="false" />
            <line number="144" hits="1" branch="false" />
            <line number="145" hits="1" branch="false" />
            <line number="146" hits="1" branch="false" />
            <line number="148" hits="1" branch="false" />
            <line number="152" hits="1" branch="false" />
            <line number="154" hits="1" branch="false" />
            <line number="155" hits="1" branch="false" />
            <line number="156" hits="1" branch="false" />
            <line number="157" hits="1" branch="false" />
            <line number="158" hits="1" branch="false" />
            <line number="159" hits="1" branch="false" />
            <line number="160" hits="1" branch="false" />
            <line number="161" hits="202" branch="true" condition-coverage="100% (2/2)" />
            <line number="162" hits="100" branch="false" />
            <line number="163" hits="100" branch="false" />
            <line number="164" hits="100" branch="false" />
            <line number="165" hits="100" branch="false" />
            <line number="166" hits="100" branch="false" />
            <line number="167" hits="1" branch="false" />
            <line number="168" hits="1" branch="false" />
            <line number="171" hits="1" branch="false" />
            <line number="176" hits="1" branch="false" />
            <line number="177" hits="1" branch="false" />
            <line number="178" hits="1" branch="false" />
            <line number="179" hits="1" branch="false" />
            <line number="180" hits="1" branch="false" />
            <line number="181" hits="1" branch="false" />
            <line number="182" hits="1" branch="false" />
            <line number="183" hits="1" branch="false" />
          </lines>
        </class>
      </classes>
    </package>
  </packages>
</coverage>