<?xml version="1.0" encoding="utf-8"?>
<CoverageSession xmlns:xsd="http://www.w3.org/2001/XMLSchema" xmlns:xsi="http://www.w3.org/2001/XMLSchema-instance" Version="4.7.922.0">
  <Summary numSequencePoints="652" visitedSequencePoints="598" numBranchPoints="139" visitedBranchPoints="111" sequenceCoverage="91.72" branchCoverage="79.86" maxCyclomaticComplexity="6" minCyclomaticComplexity="1" maxCrapScore="6.09" minCrapScore="1" visitedClasses="14" numClasses="16" visitedMethods="73" numMethods="81" />
  <Modules>
    <Module hash="F0-15-61-BA-B2-7F-C2-A9-71-23-EF-07-17-AC-F9-4E-54-9F-6E-F9">
      <Summary numSequencePoints="183" visitedSequencePoints="183" numBranchPoints="23" visitedBranchPoints="23" sequenceCoverage="100" branchCoverage="100" maxCyclomaticComplexity="2" minCyclomaticComplexity="1" maxCrapScore="2" minCrapScore="1" visitedClasses="3" numClasses="3" visitedMethods="19" numMethods="19" />
      <ModulePath>C:\Users\USER\Desktop\視窗程式設計\PowerPoint-main\PowerPoint-main\PowerPointTests\bin\Debug\fine-code-coverage\build-output\PowerPointTests.dll</ModulePath>
      <ModuleTime>2023-11-29T15:26:46.7593337Z</ModuleTime>
      <ModuleName>PowerPointTests</ModuleName>
      <Files>
        <File uid="1" fullPath="C:\Users\USER\Desktop\視窗程式設計\PowerPoint-main\PowerPoint-main\PowerPointTests\ShapeFactoryTests.cs" />
        <File uid="2" fullPath="C:\Users\USER\Desktop\視窗程式設計\PowerPoint-main\PowerPoint-main\PowerPointTests\ShapeTests.cs" />
        <File uid="3" fullPath="C:\Users\USER\Desktop\視窗程式設計\PowerPoint-main\PowerPoint-main\PowerPointTests\ViewModelTests.cs" />
      </Files>
      <Classes>
        <Class>
          <Summary numSequencePoints="10" visitedSequencePoints="10" numBranchPoints="1" visitedBranchPoints="1" sequenceCoverage="100" branchCoverage="100" maxCyclomaticComplexity="1" minCyclomaticComplexity="1" maxCrapScore="2" minCrapScore="1" visitedClasses="1" numClasses="1" visitedMethods="1" numMethods="1" />
          <FullName>PowerPoint.Tests.ShapeFactoryTests</FullName>
          <Methods>
            <Method visited="true" cyclomaticComplexity="1" nPathComplexity="0" sequenceCoverage="100" branchCoverage="100" crapScore="1" isConstructor="false" isStatic="false" isGetter="false" isSetter="false">
              <Summary numSequencePoints="10" visitedSequencePoints="10" numBranchPoints="1" visitedBranchPoints="1" sequenceCoverage="100" branchCoverage="100" maxCyclomaticComplexity="1" minCyclomaticComplexity="1" maxCrapScore="1" minCrapScore="1" visitedClasses="0" numClasses="0" visitedMethods="1" numMethods="1" />
              <MetadataToken>100663297</MetadataToken>
              <Name>System.Void PowerPoint.Tests.ShapeFactoryTests::CreateShapeTest()</Name>
              <FileRef uid="1" />
              <SequencePoints>
                <SequencePoint vc="1" uspid="1" ordinal="0" offset="0" sl="18" sc="9" el="18" ec="10" bec="0" bev="0" fileid="1" />
                <SequencePoint vc="1" uspid="2" ordinal="1" offset="1" sl="19" sc="13" el="19" ec="57" bec="0" bev="0" fileid="1" />
                <SequencePoint vc="1" uspid="3" ordinal="2" offset="10" sl="20" sc="13" el="20" ec="53" bec="0" bev="0" fileid="1" />
                <SequencePoint vc="1" uspid="4" ordinal="3" offset="12" sl="21" sc="13" el="21" ec="81" bec="0" bev="0" fileid="1" />
                <SequencePoint vc="1" uspid="5" ordinal="4" offset="21" sl="22" sc="13" el="23" ec="27" bec="0" bev="0" fileid="1" />
                <SequencePoint vc="1" uspid="6" ordinal="5" offset="34" sl="24" sc="13" el="24" ec="82" bec="0" bev="0" fileid="1" />
                <SequencePoint vc="1" uspid="7" ordinal="6" offset="43" sl="25" sc="13" el="26" ec="27" bec="0" bev="0" fileid="1" />
                <SequencePoint vc="1" uspid="8" ordinal="7" offset="56" sl="27" sc="13" el="27" ec="87" bec="0" bev="0" fileid="1" />
                <SequencePoint vc="1" uspid="9" ordinal="8" offset="65" sl="28" sc="13" el="29" ec="27" bec="0" bev="0" fileid="1" />
                <SequencePoint vc="1" uspid="10" ordinal="9" offset="78" sl="30" sc="9" el="30" ec="10" bec="0" bev="0" fileid="1" />
              </SequencePoints>
              <BranchPoints />
              <MethodPoint xsi:type="SequencePoint" vc="1" uspid="1" ordinal="0" offset="0" sl="18" sc="9" el="18" ec="10" bec="0" bev="0" fileid="1" />
            </Method>
            <Method visited="false" cyclomaticComplexity="1" nPathComplexity="0" sequenceCoverage="0" branchCoverage="0" crapScore="2" isConstructor="true" isStatic="false" isGetter="false" isSetter="false">
              <Summary numSequencePoints="0" visitedSequencePoints="0" numBranchPoints="0" visitedBranchPoints="0" sequenceCoverage="0" branchCoverage="0" maxCyclomaticComplexity="1" minCyclomaticComplexity="1" maxCrapScore="2" minCrapScore="2" visitedClasses="0" numClasses="0" visitedMethods="0" numMethods="0" />
              <MetadataToken>100663298</MetadataToken>
              <Name>System.Void PowerPoint.Tests.ShapeFactoryTests::.ctor()</Name>
              <SequencePoints />
              <BranchPoints />
              <MethodPoint vc="0" uspid="11" ordinal="0" offset="0" />
            </Method>
          </Methods>
        </Class>
        <Class>
          <Summary numSequencePoints="59" visitedSequencePoints="59" numBranchPoints="7" visitedBranchPoints="7" sequenceCoverage="100" branchCoverage="100" maxCyclomaticComplexity="1" minCyclomaticComplexity="1" maxCrapScore="2" minCrapScore="1" visitedClasses="1" numClasses="1" visitedMethods="7" numMethods="7" />
          <FullName>PowerPoint.Tests.ShapeTests</FullName>
          <Methods>
            <Method visited="true" cyclomaticComplexity="1" nPathComplexity="0" sequenceCoverage="100" branchCoverage="100" crapScore="1" isConstructor="false" isStatic="false" isGetter="false" isSetter="false">
              <Summary numSequencePoints="7" visitedSequencePoints="7" numBranchPoints="1" visitedBranchPoints="1" sequenceCoverage="100" branchCoverage="100" maxCyclomaticComplexity="1" minCyclomaticComplexity="1" maxCrapScore="1" minCrapScore="1" visitedClasses="0" numClasses="0" visitedMethods="1" numMethods="1" />
              <MetadataToken>100663299</MetadataToken>
              <Name>System.Void PowerPoint.Tests.ShapeTests::GetPoint1Test()</Name>
              <FileRef uid="2" />
              <SequencePoints>
                <SequencePoint vc="1" uspid="12" ordinal="0" offset="0" sl="22" sc="9" el="22" ec="10" bec="0" bev="0" fileid="2" />
                <SequencePoint vc="1" uspid="13" ordinal="1" offset="1" sl="23" sc="13" el="23" ec="56" bec="0" bev="0" fileid="2" />
                <SequencePoint vc="1" uspid="14" ordinal="2" offset="10" sl="24" sc="13" el="24" ec="56" bec="0" bev="0" fileid="2" />
                <SequencePoint vc="1" uspid="15" ordinal="3" offset="19" sl="25" sc="13" el="25" ec="87" bec="0" bev="0" fileid="2" />
                <SequencePoint vc="1" uspid="16" ordinal="4" offset="28" sl="26" sc="13" el="26" ec="37" bec="0" bev="0" fileid="2" />
                <SequencePoint vc="1" uspid="17" ordinal="5" offset="36" sl="27" sc="13" el="27" ec="56" bec="0" bev="0" fileid="2" />
                <SequencePoint vc="1" uspid="18" ordinal="6" offset="49" sl="28" sc="9" el="28" ec="10" bec="0" bev="0" fileid="2" />
              </SequencePoints>
              <BranchPoints />
              <MethodPoint xsi:type="SequencePoint" vc="1" uspid="12" ordinal="0" offset="0" sl="22" sc="9" el="22" ec="10" bec="0" bev="0" fileid="2" />
            </Method>
            <Method visited="true" cyclomaticComplexity="1" nPathComplexity="0" sequenceCoverage="100" branchCoverage="100" crapScore="1" isConstructor="false" isStatic="false" isGetter="false" isSetter="false">
              <Summary numSequencePoints="6" visitedSequencePoints="6" numBranchPoints="1" visitedBranchPoints="1" sequenceCoverage="100" branchCoverage="100" maxCyclomaticComplexity="1" minCyclomaticComplexity="1" maxCrapScore="1" minCrapScore="1" visitedClasses="0" numClasses="0" visitedMethods="1" numMethods="1" />
              <MetadataToken>100663300</MetadataToken>
              <Name>System.Void PowerPoint.Tests.ShapeTests::GetPoint2Test()</Name>
              <FileRef uid="2" />
              <SequencePoints>
                <SequencePoint vc="1" uspid="19" ordinal="0" offset="0" sl="32" sc="9" el="32" ec="10" bec="0" bev="0" fileid="2" />
                <SequencePoint vc="1" uspid="20" ordinal="1" offset="1" sl="33" sc="13" el="33" ec="56" bec="0" bev="0" fileid="2" />
                <SequencePoint vc="1" uspid="21" ordinal="2" offset="10" sl="34" sc="13" el="34" ec="56" bec="0" bev="0" fileid="2" />
                <SequencePoint vc="1" uspid="22" ordinal="3" offset="19" sl="35" sc="13" el="35" ec="87" bec="0" bev="0" fileid="2" />
                <SequencePoint vc="1" uspid="23" ordinal="4" offset="28" sl="36" sc="13" el="36" ec="56" bec="0" bev="0" fileid="2" />
                <SequencePoint vc="1" uspid="24" ordinal="5" offset="41" sl="37" sc="9" el="37" ec="10" bec="0" bev="0" fileid="2" />
              </SequencePoints>
              <BranchPoints />
              <MethodPoint xsi:type="SequencePoint" vc="1" uspid="19" ordinal="0" offset="0" sl="32" sc="9" el="32" ec="10" bec="0" bev="0" fileid="2" />
            </Method>
            <Method visited="true" cyclomaticComplexity="1" nPathComplexity="0" sequenceCoverage="100" branchCoverage="100" crapScore="1" isConstructor="false" isStatic="false" isGetter="false" isSetter="false">
              <Summary numSequencePoints="8" visitedSequencePoints="8" numBranchPoints="1" visitedBranchPoints="1" sequenceCoverage="100" branchCoverage="100" maxCyclomaticComplexity="1" minCyclomaticComplexity="1" maxCrapScore="1" minCrapScore="1" visitedClasses="0" numClasses="0" visitedMethods="1" numMethods="1" />
              <MetadataToken>100663301</MetadataToken>
              <Name>System.Void PowerPoint.Tests.ShapeTests::SetPoint1Test()</Name>
              <FileRef uid="2" />
              <SequencePoints>
                <SequencePoint vc="1" uspid="25" ordinal="0" offset="0" sl="41" sc="9" el="41" ec="10" bec="0" bev="0" fileid="2" />
                <SequencePoint vc="1" uspid="26" ordinal="1" offset="1" sl="42" sc="13" el="42" ec="56" bec="0" bev="0" fileid="2" />
                <SequencePoint vc="1" uspid="27" ordinal="2" offset="10" sl="43" sc="13" el="43" ec="56" bec="0" bev="0" fileid="2" />
                <SequencePoint vc="1" uspid="28" ordinal="3" offset="19" sl="44" sc="13" el="44" ec="87" bec="0" bev="0" fileid="2" />
                <SequencePoint vc="1" uspid="29" ordinal="4" offset="28" sl="45" sc="13" el="45" ec="45" bec="0" bev="0" fileid="2" />
                <SequencePoint vc="1" uspid="30" ordinal="5" offset="37" sl="46" sc="13" el="46" ec="37" bec="0" bev="0" fileid="2" />
                <SequencePoint vc="1" uspid="31" ordinal="6" offset="45" sl="47" sc="13" el="47" ec="56" bec="0" bev="0" fileid="2" />
                <SequencePoint vc="1" uspid="32" ordinal="7" offset="58" sl="48" sc="9" el="48" ec="10" bec="0" bev="0" fileid="2" />
              </SequencePoints>
              <BranchPoints />
              <MethodPoint xsi:type="SequencePoint" vc="1" uspid="25" ordinal="0" offset="0" sl="41" sc="9" el="41" ec="10" bec="0" bev="0" fileid="2" />
            </Method>
            <Method visited="true" cyclomaticComplexity="1" nPathComplexity="0" sequenceCoverage="100" branchCoverage="100" crapScore="1" isConstructor="false" isStatic="false" isGetter="false" isSetter="false">
              <Summary numSequencePoints="8" visitedSequencePoints="8" numBranchPoints="1" visitedBranchPoints="1" sequenceCoverage="100" branchCoverage="100" maxCyclomaticComplexity="1" minCyclomaticComplexity="1" maxCrapScore="1" minCrapScore="1" visitedClasses="0" numClasses="0" visitedMethods="1" numMethods="1" />
              <MetadataToken>100663302</MetadataToken>
              <Name>System.Void PowerPoint.Tests.ShapeTests::SetPoint2Test()</Name>
              <FileRef uid="2" />
              <SequencePoints>
                <SequencePoint vc="1" uspid="33" ordinal="0" offset="0" sl="52" sc="9" el="52" ec="10" bec="0" bev="0" fileid="2" />
                <SequencePoint vc="1" uspid="34" ordinal="1" offset="1" sl="53" sc="13" el="53" ec="56" bec="0" bev="0" fileid="2" />
                <SequencePoint vc="1" uspid="35" ordinal="2" offset="10" sl="54" sc="13" el="54" ec="56" bec="0" bev="0" fileid="2" />
                <SequencePoint vc="1" uspid="36" ordinal="3" offset="19" sl="55" sc="13" el="55" ec="87" bec="0" bev="0" fileid="2" />
                <SequencePoint vc="1" uspid="37" ordinal="4" offset="28" sl="56" sc="13" el="56" ec="45" bec="0" bev="0" fileid="2" />
                <SequencePoint vc="1" uspid="38" ordinal="5" offset="37" sl="57" sc="13" el="57" ec="37" bec="0" bev="0" fileid="2" />
                <SequencePoint vc="1" uspid="39" ordinal="6" offset="45" sl="58" sc="13" el="58" ec="56" bec="0" bev="0" fileid="2" />
                <SequencePoint vc="1" uspid="40" ordinal="7" offset="58" sl="59" sc="9" el="59" ec="10" bec="0" bev="0" fileid="2" />
              </SequencePoints>
              <BranchPoints />
              <MethodPoint xsi:type="SequencePoint" vc="1" uspid="33" ordinal="0" offset="0" sl="52" sc="9" el="52" ec="10" bec="0" bev="0" fileid="2" />
            </Method>
            <Method visited="true" cyclomaticComplexity="1" nPathComplexity="0" sequenceCoverage="100" branchCoverage="100" crapScore="1" isConstructor="false" isStatic="false" isGetter="false" isSetter="false">
              <Summary numSequencePoints="7" visitedSequencePoints="7" numBranchPoints="1" visitedBranchPoints="1" sequenceCoverage="100" branchCoverage="100" maxCyclomaticComplexity="1" minCyclomaticComplexity="1" maxCrapScore="1" minCrapScore="1" visitedClasses="0" numClasses="0" visitedMethods="1" numMethods="1" />
              <MetadataToken>100663303</MetadataToken>
              <Name>System.Void PowerPoint.Tests.ShapeTests::IsSelectedTest()</Name>
              <FileRef uid="2" />
              <SequencePoints>
                <SequencePoint vc="1" uspid="41" ordinal="0" offset="0" sl="63" sc="9" el="63" ec="10" bec="0" bev="0" fileid="2" />
                <SequencePoint vc="1" uspid="42" ordinal="1" offset="1" sl="64" sc="13" el="64" ec="56" bec="0" bev="0" fileid="2" />
                <SequencePoint vc="1" uspid="43" ordinal="2" offset="10" sl="65" sc="13" el="65" ec="56" bec="0" bev="0" fileid="2" />
                <SequencePoint vc="1" uspid="44" ordinal="3" offset="19" sl="66" sc="13" el="66" ec="87" bec="0" bev="0" fileid="2" />
                <SequencePoint vc="1" uspid="45" ordinal="4" offset="28" sl="67" sc="13" el="67" ec="37" bec="0" bev="0" fileid="2" />
                <SequencePoint vc="1" uspid="46" ordinal="5" offset="36" sl="68" sc="13" el="69" ec="23" bec="0" bev="0" fileid="2" />
                <SequencePoint vc="1" uspid="47" ordinal="6" offset="49" sl="70" sc="9" el="70" ec="10" bec="0" bev="0" fileid="2" />
              </SequencePoints>
              <BranchPoints />
              <MethodPoint xsi:type="SequencePoint" vc="1" uspid="41" ordinal="0" offset="0" sl="63" sc="9" el="63" ec="10" bec="0" bev="0" fileid="2" />
            </Method>
            <Method visited="true" cyclomaticComplexity="1" nPathComplexity="0" sequenceCoverage="100" branchCoverage="100" crapScore="1" isConstructor="false" isStatic="false" isGetter="false" isSetter="false">
              <Summary numSequencePoints="7" visitedSequencePoints="7" numBranchPoints="1" visitedBranchPoints="1" sequenceCoverage="100" branchCoverage="100" maxCyclomaticComplexity="1" minCyclomaticComplexity="1" maxCrapScore="1" minCrapScore="1" visitedClasses="0" numClasses="0" visitedMethods="1" numMethods="1" />
              <MetadataToken>100663304</MetadataToken>
              <Name>System.Void PowerPoint.Tests.ShapeTests::SetSelectedTest()</Name>
              <FileRef uid="2" />
              <SequencePoints>
                <SequencePoint vc="1" uspid="48" ordinal="0" offset="0" sl="74" sc="9" el="74" ec="10" bec="0" bev="0" fileid="2" />
                <SequencePoint vc="1" uspid="49" ordinal="1" offset="1" sl="75" sc="13" el="75" ec="56" bec="0" bev="0" fileid="2" />
                <SequencePoint vc="1" uspid="50" ordinal="2" offset="10" sl="76" sc="13" el="76" ec="56" bec="0" bev="0" fileid="2" />
                <SequencePoint vc="1" uspid="51" ordinal="3" offset="19" sl="77" sc="13" el="77" ec="87" bec="0" bev="0" fileid="2" />
                <SequencePoint vc="1" uspid="52" ordinal="4" offset="28" sl="78" sc="13" el="78" ec="38" bec="0" bev="0" fileid="2" />
                <SequencePoint vc="1" uspid="53" ordinal="5" offset="36" sl="79" sc="13" el="80" ec="24" bec="0" bev="0" fileid="2" />
                <SequencePoint vc="1" uspid="54" ordinal="6" offset="49" sl="81" sc="9" el="81" ec="10" bec="0" bev="0" fileid="2" />
              </SequencePoints>
              <BranchPoints />
              <MethodPoint xsi:type="SequencePoint" vc="1" uspid="48" ordinal="0" offset="0" sl="74" sc="9" el="74" ec="10" bec="0" bev="0" fileid="2" />
            </Method>
            <Method visited="true" cyclomaticComplexity="1" nPathComplexity="0" sequenceCoverage="100" branchCoverage="100" crapScore="1" isConstructor="false" isStatic="false" isGetter="false" isSetter="false">
              <Summary numSequencePoints="16" visitedSequencePoints="16" numBranchPoints="1" visitedBranchPoints="1" sequenceCoverage="100" branchCoverage="100" maxCyclomaticComplexity="1" minCyclomaticComplexity="1" maxCrapScore="1" minCrapScore="1" visitedClasses="0" numClasses="0" visitedMethods="1" numMethods="1" />
              <MetadataToken>100663305</MetadataToken>
              <Name>System.Void PowerPoint.Tests.ShapeTests::DrawTest()</Name>
              <FileRef uid="2" />
              <SequencePoints>
                <SequencePoint vc="1" uspid="55" ordinal="0" offset="0" sl="85" sc="9" el="85" ec="10" bec="0" bev="0" fileid="2" />
                <SequencePoint vc="1" uspid="56" ordinal="1" offset="1" sl="86" sc="13" el="86" ec="39" bec="0" bev="0" fileid="2" />
                <SequencePoint vc="1" uspid="57" ordinal="2" offset="7" sl="87" sc="13" el="87" ec="56" bec="0" bev="0" fileid="2" />
                <SequencePoint vc="1" uspid="58" ordinal="3" offset="16" sl="88" sc="13" el="88" ec="56" bec="0" bev="0" fileid="2" />
                <SequencePoint vc="1" uspid="59" ordinal="4" offset="25" sl="89" sc="13" el="89" ec="87" bec="0" bev="0" fileid="2" />
                <SequencePoint vc="1" uspid="60" ordinal="5" offset="34" sl="90" sc="13" el="90" ec="55" bec="0" bev="0" fileid="2" />
                <SequencePoint vc="1" uspid="61" ordinal="6" offset="42" sl="91" sc="13" el="91" ec="37" bec="0" bev="0" fileid="2" />
                <SequencePoint vc="1" uspid="62" ordinal="7" offset="50" sl="92" sc="13" el="92" ec="33" bec="0" bev="0" fileid="2" />
                <SequencePoint vc="1" uspid="63" ordinal="8" offset="59" sl="93" sc="13" el="93" ec="78" bec="0" bev="0" fileid="2" />
                <SequencePoint vc="1" uspid="64" ordinal="9" offset="68" sl="94" sc="13" el="94" ec="37" bec="0" bev="0" fileid="2" />
                <SequencePoint vc="1" uspid="65" ordinal="10" offset="76" sl="95" sc="13" el="95" ec="33" bec="0" bev="0" fileid="2" />
                <SequencePoint vc="1" uspid="66" ordinal="11" offset="85" sl="96" sc="13" el="96" ec="83" bec="0" bev="0" fileid="2" />
                <SequencePoint vc="1" uspid="67" ordinal="12" offset="94" sl="97" sc="13" el="97" ec="37" bec="0" bev="0" fileid="2" />
                <SequencePoint vc="1" uspid="68" ordinal="13" offset="102" sl="98" sc="13" el="98" ec="33" bec="0" bev="0" fileid="2" />
                <SequencePoint vc="1" uspid="69" ordinal="14" offset="111" sl="99" sc="13" el="100" ec="23" bec="0" bev="0" fileid="2" />
                <SequencePoint vc="1" uspid="70" ordinal="15" offset="124" sl="101" sc="9" el="101" ec="10" bec="0" bev="0" fileid="2" />
              </SequencePoints>
              <BranchPoints />
              <MethodPoint xsi:type="SequencePoint" vc="1" uspid="55" ordinal="0" offset="0" sl="85" sc="9" el="85" ec="10" bec="0" bev="0" fileid="2" />
            </Method>
            <Method visited="false" cyclomaticComplexity="1" nPathComplexity="0" sequenceCoverage="0" branchCoverage="0" crapScore="2" isConstructor="true" isStatic="false" isGetter="false" isSetter="false">
              <Summary numSequencePoints="0" visitedSequencePoints="0" numBranchPoints="0" visitedBranchPoints="0" sequenceCoverage="0" branchCoverage="0" maxCyclomaticComplexity="1" minCyclomaticComplexity="1" maxCrapScore="2" minCrapScore="2" visitedClasses="0" numClasses="0" visitedMethods="0" numMethods="0" />
              <MetadataToken>100663306</MetadataToken>
              <Name>System.Void PowerPoint.Tests.ShapeTests::.ctor()</Name>
              <SequencePoints />
              <BranchPoints />
              <MethodPoint vc="0" uspid="71" ordinal="0" offset="0" />
            </Method>
          </Methods>
        </Class>
        <Class>
          <Summary numSequencePoints="114" visitedSequencePoints="114" numBranchPoints="15" visitedBranchPoints="15" sequenceCoverage="100" branchCoverage="100" maxCyclomaticComplexity="2" minCyclomaticComplexity="1" maxCrapScore="2" minCrapScore="1" visitedClasses="1" numClasses="1" visitedMethods="11" numMethods="11" />
          <FullName>PowerPoint.Tests.ViewModelTests</FullName>
          <Methods>
            <Method visited="true" cyclomaticComplexity="1" nPathComplexity="0" sequenceCoverage="100" branchCoverage="100" crapScore="1" isConstructor="false" isStatic="false" isGetter="false" isSetter="false">
              <Summary numSequencePoints="4" visitedSequencePoints="4" numBranchPoints="1" visitedBranchPoints="1" sequenceCoverage="100" branchCoverage="100" maxCyclomaticComplexity="1" minCyclomaticComplexity="1" maxCrapScore="1" minCrapScore="1" visitedClasses="0" numClasses="0" visitedMethods="1" numMethods="1" />
              <MetadataToken>100663307</MetadataToken>
              <Name>System.Void PowerPoint.Tests.ViewModelTests::ViewModelTest()</Name>
              <FileRef uid="3" />
              <SequencePoints>
                <SequencePoint vc="1" uspid="72" ordinal="0" offset="0" sl="21" sc="9" el="21" ec="10" bec="0" bev="0" fileid="3" />
                <SequencePoint vc="1" uspid="73" ordinal="1" offset="1" sl="22" sc="13" el="22" ec="51" bec="0" bev="0" fileid="3" />
                <SequencePoint vc="1" uspid="74" ordinal="2" offset="7" sl="23" sc="13" el="24" ec="23" bec="0" bev="0" fileid="3" />
                <SequencePoint vc="1" uspid="75" ordinal="3" offset="25" sl="25" sc="9" el="25" ec="10" bec="0" bev="0" fileid="3" />
              </SequencePoints>
              <BranchPoints />
              <MethodPoint xsi:type="SequencePoint" vc="1" uspid="72" ordinal="0" offset="0" sl="21" sc="9" el="21" ec="10" bec="0" bev="0" fileid="3" />
            </Method>
            <Method visited="true" cyclomaticComplexity="1" nPathComplexity="0" sequenceCoverage="100" branchCoverage="100" crapScore="1" isConstructor="false" isStatic="false" isGetter="false" isSetter="false">
              <Summary numSequencePoints="8" visitedSequencePoints="8" numBranchPoints="1" visitedBranchPoints="1" sequenceCoverage="100" branchCoverage="100" maxCyclomaticComplexity="1" minCyclomaticComplexity="1" maxCrapScore="1" minCrapScore="1" visitedClasses="0" numClasses="0" visitedMethods="1" numMethods="1" />
              <MetadataToken>100663308</MetadataToken>
              <Name>System.Void PowerPoint.Tests.ViewModelTests::AddTest()</Name>
              <FileRef uid="3" />
              <SequencePoints>
                <SequencePoint vc="1" uspid="76" ordinal="0" offset="0" sl="30" sc="9" el="30" ec="10" bec="0" bev="0" fileid="3" />
                <SequencePoint vc="1" uspid="77" ordinal="1" offset="1" sl="31" sc="13" el="31" ec="51" bec="0" bev="0" fileid="3" />
                <SequencePoint vc="1" uspid="78" ordinal="2" offset="7" sl="32" sc="13" el="32" ec="56" bec="0" bev="0" fileid="3" />
                <SequencePoint vc="1" uspid="79" ordinal="3" offset="16" sl="33" sc="13" el="33" ec="56" bec="0" bev="0" fileid="3" />
                <SequencePoint vc="1" uspid="80" ordinal="4" offset="25" sl="34" sc="13" el="34" ec="87" bec="0" bev="0" fileid="3" />
                <SequencePoint vc="1" uspid="81" ordinal="5" offset="34" sl="35" sc="13" el="35" ec="34" bec="0" bev="0" fileid="3" />
                <SequencePoint vc="1" uspid="82" ordinal="6" offset="42" sl="36" sc="13" el="37" ec="24" bec="0" bev="0" fileid="3" />
                <SequencePoint vc="1" uspid="83" ordinal="7" offset="61" sl="38" sc="9" el="38" ec="10" bec="0" bev="0" fileid="3" />
              </SequencePoints>
              <BranchPoints />
              <MethodPoint xsi:type="SequencePoint" vc="1" uspid="76" ordinal="0" offset="0" sl="30" sc="9" el="30" ec="10" bec="0" bev="0" fileid="3" />
            </Method>
            <Method visited="true" cyclomaticComplexity="1" nPathComplexity="0" sequenceCoverage="100" branchCoverage="100" crapScore="1" isConstructor="false" isStatic="false" isGetter="false" isSetter="false">
              <Summary numSequencePoints="13" visitedSequencePoints="13" numBranchPoints="1" visitedBranchPoints="1" sequenceCoverage="100" branchCoverage="100" maxCyclomaticComplexity="1" minCyclomaticComplexity="1" maxCrapScore="1" minCrapScore="1" visitedClasses="0" numClasses="0" visitedMethods="1" numMethods="1" />
              <MetadataToken>100663309</MetadataToken>
              <Name>System.Void PowerPoint.Tests.ViewModelTests::RemoveAtTest()</Name>
              <FileRef uid="3" />
              <SequencePoints>
                <SequencePoint vc="1" uspid="84" ordinal="0" offset="0" sl="42" sc="9" el="42" ec="10" bec="0" bev="0" fileid="3" />
                <SequencePoint vc="1" uspid="85" ordinal="1" offset="1" sl="43" sc="13" el="43" ec="51" bec="0" bev="0" fileid="3" />
                <SequencePoint vc="1" uspid="86" ordinal="2" offset="7" sl="44" sc="13" el="44" ec="56" bec="0" bev="0" fileid="3" />
                <SequencePoint vc="1" uspid="87" ordinal="3" offset="16" sl="45" sc="13" el="45" ec="56" bec="0" bev="0" fileid="3" />
                <SequencePoint vc="1" uspid="88" ordinal="4" offset="25" sl="46" sc="13" el="46" ec="87" bec="0" bev="0" fileid="3" />
                <SequencePoint vc="1" uspid="89" ordinal="5" offset="34" sl="47" sc="13" el="47" ec="41" bec="0" bev="0" fileid="3" />
                <SequencePoint vc="1" uspid="90" ordinal="6" offset="47" sl="48" sc="13" el="48" ec="45" bec="0" bev="0" fileid="3" />
                <SequencePoint vc="1" uspid="91" ordinal="7" offset="56" sl="49" sc="13" el="49" ec="47" bec="0" bev="0" fileid="3" />
                <SequencePoint vc="1" uspid="92" ordinal="8" offset="65" sl="50" sc="13" el="50" ec="78" bec="0" bev="0" fileid="3" />
                <SequencePoint vc="1" uspid="93" ordinal="9" offset="74" sl="51" sc="13" el="51" ec="34" bec="0" bev="0" fileid="3" />
                <SequencePoint vc="1" uspid="94" ordinal="10" offset="82" sl="52" sc="13" el="52" ec="38" bec="0" bev="0" fileid="3" />
                <SequencePoint vc="1" uspid="95" ordinal="11" offset="90" sl="53" sc="13" el="54" ec="25" bec="0" bev="0" fileid="3" />
                <SequencePoint vc="1" uspid="96" ordinal="12" offset="118" sl="55" sc="9" el="55" ec="10" bec="0" bev="0" fileid="3" />
              </SequencePoints>
              <BranchPoints />
              <MethodPoint xsi:type="SequencePoint" vc="1" uspid="84" ordinal="0" offset="0" sl="42" sc="9" el="42" ec="10" bec="0" bev="0" fileid="3" />
            </Method>
            <Method visited="true" cyclomaticComplexity="1" nPathComplexity="0" sequenceCoverage="100" branchCoverage="100" crapScore="1" isConstructor="false" isStatic="false" isGetter="false" isSetter="false">
              <Summary numSequencePoints="5" visitedSequencePoints="5" numBranchPoints="1" visitedBranchPoints="1" sequenceCoverage="100" branchCoverage="100" maxCyclomaticComplexity="1" minCyclomaticComplexity="1" maxCrapScore="1" minCrapScore="1" visitedClasses="0" numClasses="0" visitedMethods="1" numMethods="1" />
              <MetadataToken>100663310</MetadataToken>
              <Name>System.Void PowerPoint.Tests.ViewModelTests::SetCurrentModeTest()</Name>
              <FileRef uid="3" />
              <SequencePoints>
                <SequencePoint vc="1" uspid="97" ordinal="0" offset="0" sl="59" sc="9" el="59" ec="10" bec="0" bev="0" fileid="3" />
                <SequencePoint vc="1" uspid="98" ordinal="1" offset="1" sl="60" sc="13" el="60" ec="51" bec="0" bev="0" fileid="3" />
                <SequencePoint vc="1" uspid="99" ordinal="2" offset="7" sl="61" sc="13" el="61" ec="49" bec="0" bev="0" fileid="3" />
                <SequencePoint vc="1" uspid="100" ordinal="3" offset="15" sl="62" sc="13" el="63" ec="27" bec="0" bev="0" fileid="3" />
                <SequencePoint vc="1" uspid="101" ordinal="4" offset="28" sl="64" sc="9" el="64" ec="10" bec="0" bev="0" fileid="3" />
              </SequencePoints>
              <BranchPoints />
              <MethodPoint xsi:type="SequencePoint" vc="1" uspid="97" ordinal="0" offset="0" sl="59" sc="9" el="59" ec="10" bec="0" bev="0" fileid="3" />
            </Method>
            <Method visited="true" cyclomaticComplexity="1" nPathComplexity="0" sequenceCoverage="100" branchCoverage="100" crapScore="1" isConstructor="false" isStatic="false" isGetter="false" isSetter="false">
              <Summary numSequencePoints="6" visitedSequencePoints="6" numBranchPoints="1" visitedBranchPoints="1" sequenceCoverage="100" branchCoverage="100" maxCyclomaticComplexity="1" minCyclomaticComplexity="1" maxCrapScore="1" minCrapScore="1" visitedClasses="0" numClasses="0" visitedMethods="1" numMethods="1" />
              <MetadataToken>100663311</MetadataToken>
              <Name>System.Void PowerPoint.Tests.ViewModelTests::GetCurrentModeTest()</Name>
              <FileRef uid="3" />
              <SequencePoints>
                <SequencePoint vc="1" uspid="102" ordinal="0" offset="0" sl="68" sc="9" el="68" ec="10" bec="0" bev="0" fileid="3" />
                <SequencePoint vc="1" uspid="103" ordinal="1" offset="1" sl="69" sc="13" el="69" ec="51" bec="0" bev="0" fileid="3" />
                <SequencePoint vc="1" uspid="104" ordinal="2" offset="7" sl="70" sc="13" el="70" ec="49" bec="0" bev="0" fileid="3" />
                <SequencePoint vc="1" uspid="105" ordinal="3" offset="15" sl="71" sc="13" el="71" ec="57" bec="0" bev="0" fileid="3" />
                <SequencePoint vc="1" uspid="106" ordinal="4" offset="23" sl="72" sc="13" el="73" ec="27" bec="0" bev="0" fileid="3" />
                <SequencePoint vc="1" uspid="107" ordinal="5" offset="36" sl="74" sc="9" el="74" ec="10" bec="0" bev="0" fileid="3" />
              </SequencePoints>
              <BranchPoints />
              <MethodPoint xsi:type="SequencePoint" vc="1" uspid="102" ordinal="0" offset="0" sl="68" sc="9" el="68" ec="10" bec="0" bev="0" fileid="3" />
            </Method>
            <Method visited="true" cyclomaticComplexity="1" nPathComplexity="0" sequenceCoverage="100" branchCoverage="100" crapScore="1" isConstructor="false" isStatic="false" isGetter="false" isSetter="false">
              <Summary numSequencePoints="14" visitedSequencePoints="14" numBranchPoints="1" visitedBranchPoints="1" sequenceCoverage="100" branchCoverage="100" maxCyclomaticComplexity="1" minCyclomaticComplexity="1" maxCrapScore="1" minCrapScore="1" visitedClasses="0" numClasses="0" visitedMethods="1" numMethods="1" />
              <MetadataToken>100663312</MetadataToken>
              <Name>System.Void PowerPoint.Tests.ViewModelTests::DrawTest()</Name>
              <FileRef uid="3" />
              <SequencePoints>
                <SequencePoint vc="1" uspid="108" ordinal="0" offset="0" sl="78" sc="9" el="78" ec="10" bec="0" bev="0" fileid="3" />
                <SequencePoint vc="1" uspid="109" ordinal="1" offset="1" sl="79" sc="13" el="79" ec="51" bec="0" bev="0" fileid="3" />
                <SequencePoint vc="1" uspid="110" ordinal="2" offset="7" sl="80" sc="13" el="80" ec="56" bec="0" bev="0" fileid="3" />
                <SequencePoint vc="1" uspid="111" ordinal="3" offset="16" sl="81" sc="13" el="81" ec="56" bec="0" bev="0" fileid="3" />
                <SequencePoint vc="1" uspid="112" ordinal="4" offset="25" sl="82" sc="13" el="82" ec="87" bec="0" bev="0" fileid="3" />
                <SequencePoint vc="1" uspid="113" ordinal="5" offset="34" sl="83" sc="13" el="83" ec="41" bec="0" bev="0" fileid="3" />
                <SequencePoint vc="1" uspid="114" ordinal="6" offset="47" sl="84" sc="13" el="84" ec="45" bec="0" bev="0" fileid="3" />
                <SequencePoint vc="1" uspid="115" ordinal="7" offset="56" sl="85" sc="13" el="85" ec="47" bec="0" bev="0" fileid="3" />
                <SequencePoint vc="1" uspid="116" ordinal="8" offset="65" sl="86" sc="13" el="86" ec="78" bec="0" bev="0" fileid="3" />
                <SequencePoint vc="1" uspid="117" ordinal="9" offset="74" sl="87" sc="13" el="87" ec="34" bec="0" bev="0" fileid="3" />
                <SequencePoint vc="1" uspid="118" ordinal="10" offset="82" sl="89" sc="13" el="89" ec="39" bec="0" bev="0" fileid="3" />
                <SequencePoint vc="1" uspid="119" ordinal="11" offset="89" sl="90" sc="13" el="90" ec="55" bec="0" bev="0" fileid="3" />
                <SequencePoint vc="1" uspid="120" ordinal="12" offset="98" sl="91" sc="13" el="91" ec="37" bec="0" bev="0" fileid="3" />
                <SequencePoint vc="1" uspid="121" ordinal="13" offset="107" sl="94" sc="9" el="94" ec="10" bec="0" bev="0" fileid="3" />
              </SequencePoints>
              <BranchPoints />
              <MethodPoint xsi:type="SequencePoint" vc="1" uspid="108" ordinal="0" offset="0" sl="78" sc="9" el="78" ec="10" bec="0" bev="0" fileid="3" />
            </Method>
            <Method visited="true" cyclomaticComplexity="1" nPathComplexity="0" sequenceCoverage="100" branchCoverage="100" crapScore="1" isConstructor="false" isStatic="false" isGetter="false" isSetter="false">
              <Summary numSequencePoints="10" visitedSequencePoints="10" numBranchPoints="1" visitedBranchPoints="1" sequenceCoverage="100" branchCoverage="100" maxCyclomaticComplexity="1" minCyclomaticComplexity="1" maxCrapScore="1" minCrapScore="1" visitedClasses="0" numClasses="0" visitedMethods="1" numMethods="1" />
              <MetadataToken>100663313</MetadataToken>
              <Name>System.Void PowerPoint.Tests.ViewModelTests::DeleteSelectedTest()</Name>
              <FileRef uid="3" />
              <SequencePoints>
                <SequencePoint vc="1" uspid="122" ordinal="0" offset="0" sl="98" sc="9" el="98" ec="10" bec="0" bev="0" fileid="3" />
                <SequencePoint vc="1" uspid="123" ordinal="1" offset="1" sl="99" sc="13" el="99" ec="51" bec="0" bev="0" fileid="3" />
                <SequencePoint vc="1" uspid="124" ordinal="2" offset="7" sl="100" sc="13" el="100" ec="56" bec="0" bev="0" fileid="3" />
                <SequencePoint vc="1" uspid="125" ordinal="3" offset="16" sl="101" sc="13" el="101" ec="56" bec="0" bev="0" fileid="3" />
                <SequencePoint vc="1" uspid="126" ordinal="4" offset="25" sl="102" sc="13" el="102" ec="87" bec="0" bev="0" fileid="3" />
                <SequencePoint vc="1" uspid="127" ordinal="5" offset="34" sl="103" sc="13" el="103" ec="41" bec="0" bev="0" fileid="3" />
                <SequencePoint vc="1" uspid="128" ordinal="6" offset="47" sl="104" sc="13" el="104" ec="51" bec="0" bev="0" fileid="3" />
                <SequencePoint vc="1" uspid="129" ordinal="7" offset="66" sl="105" sc="13" el="105" ec="40" bec="0" bev="0" fileid="3" />
                <SequencePoint vc="1" uspid="130" ordinal="8" offset="73" sl="106" sc="13" el="107" ec="23" bec="0" bev="0" fileid="3" />
                <SequencePoint vc="1" uspid="131" ordinal="9" offset="91" sl="108" sc="9" el="108" ec="10" bec="0" bev="0" fileid="3" />
              </SequencePoints>
              <BranchPoints />
              <MethodPoint xsi:type="SequencePoint" vc="1" uspid="122" ordinal="0" offset="0" sl="98" sc="9" el="98" ec="10" bec="0" bev="0" fileid="3" />
            </Method>
            <Method visited="true" cyclomaticComplexity="1" nPathComplexity="0" sequenceCoverage="100" branchCoverage="100" crapScore="1" isConstructor="false" isStatic="false" isGetter="false" isSetter="false">
              <Summary numSequencePoints="11" visitedSequencePoints="11" numBranchPoints="1" visitedBranchPoints="1" sequenceCoverage="100" branchCoverage="100" maxCyclomaticComplexity="1" minCyclomaticComplexity="1" maxCrapScore="1" minCrapScore="1" visitedClasses="0" numClasses="0" visitedMethods="1" numMethods="1" />
              <MetadataToken>100663314</MetadataToken>
              <Name>System.Void PowerPoint.Tests.ViewModelTests::HandleCanvasPressedTest1()</Name>
              <FileRef uid="3" />
              <SequencePoints>
                <SequencePoint vc="1" uspid="132" ordinal="0" offset="0" sl="112" sc="9" el="112" ec="10" bec="0" bev="0" fileid="3" />
                <SequencePoint vc="1" uspid="133" ordinal="1" offset="1" sl="114" sc="13" el="114" ec="83" bec="0" bev="0" fileid="3" />
                <SequencePoint vc="1" uspid="134" ordinal="2" offset="16" sl="115" sc="13" el="115" ec="51" bec="0" bev="0" fileid="3" />
                <SequencePoint vc="1" uspid="135" ordinal="3" offset="22" sl="116" sc="13" el="116" ec="56" bec="0" bev="0" fileid="3" />
                <SequencePoint vc="1" uspid="136" ordinal="4" offset="31" sl="117" sc="13" el="117" ec="56" bec="0" bev="0" fileid="3" />
                <SequencePoint vc="1" uspid="137" ordinal="5" offset="40" sl="118" sc="13" el="118" ec="87" bec="0" bev="0" fileid="3" />
                <SequencePoint vc="1" uspid="138" ordinal="6" offset="50" sl="119" sc="13" el="119" ec="41" bec="0" bev="0" fileid="3" />
                <SequencePoint vc="1" uspid="139" ordinal="7" offset="64" sl="120" sc="13" el="120" ec="56" bec="0" bev="0" fileid="3" />
                <SequencePoint vc="1" uspid="140" ordinal="8" offset="73" sl="121" sc="13" el="121" ec="81" bec="0" bev="0" fileid="3" />
                <SequencePoint vc="1" uspid="141" ordinal="9" offset="88" sl="122" sc="13" el="122" ec="56" bec="0" bev="0" fileid="3" />
                <SequencePoint vc="1" uspid="142" ordinal="10" offset="97" sl="124" sc="9" el="124" ec="10" bec="0" bev="0" fileid="3" />
              </SequencePoints>
              <BranchPoints />
              <MethodPoint xsi:type="SequencePoint" vc="1" uspid="132" ordinal="0" offset="0" sl="112" sc="9" el="112" ec="10" bec="0" bev="0" fileid="3" />
            </Method>
            <Method visited="true" cyclomaticComplexity="2" nPathComplexity="2" sequenceCoverage="100" branchCoverage="100" crapScore="2" isConstructor="false" isStatic="false" isGetter="false" isSetter="false">
              <Summary numSequencePoints="20" visitedSequencePoints="20" numBranchPoints="3" visitedBranchPoints="3" sequenceCoverage="100" branchCoverage="100" maxCyclomaticComplexity="2" minCyclomaticComplexity="2" maxCrapScore="2" minCrapScore="2" visitedClasses="0" numClasses="0" visitedMethods="1" numMethods="1" />
              <MetadataToken>100663315</MetadataToken>
              <Name>System.Void PowerPoint.Tests.ViewModelTests::HandleCanvasMovedTest1()</Name>
              <FileRef uid="3" />
              <SequencePoints>
                <SequencePoint vc="1" uspid="143" ordinal="0" offset="0" sl="128" sc="9" el="128" ec="10" bec="0" bev="0" fileid="3" />
                <SequencePoint vc="1" uspid="144" ordinal="1" offset="1" sl="130" sc="13" el="130" ec="51" bec="0" bev="0" fileid="3" />
                <SequencePoint vc="1" uspid="145" ordinal="2" offset="7" sl="131" sc="13" el="131" ec="50" bec="0" bev="0" fileid="3" />
                <SequencePoint vc="1" uspid="146" ordinal="3" offset="16" sl="132" sc="13" el="132" ec="54" bec="0" bev="0" fileid="3" />
                <SequencePoint vc="1" uspid="147" ordinal="4" offset="27" sl="133" sc="13" el="133" ec="87" bec="0" bev="0" fileid="3" />
                <SequencePoint vc="1" uspid="148" ordinal="5" offset="37" sl="134" sc="13" el="134" ec="41" bec="0" bev="0" fileid="3" />
                <SequencePoint vc="1" uspid="149" ordinal="6" offset="51" sl="135" sc="13" el="135" ec="51" bec="0" bev="0" fileid="3" />
                <SequencePoint vc="1" uspid="150" ordinal="7" offset="70" sl="136" sc="13" el="136" ec="47" bec="0" bev="0" fileid="3" />
                <SequencePoint vc="1" uspid="151" ordinal="8" offset="78" sl="137" sc="18" el="137" ec="27" bec="0" bev="0" fileid="3" />
                <SequencePoint vc="99" uspid="152" ordinal="9" offset="83" sl="138" sc="13" el="138" ec="14" bec="0" bev="0" fileid="3" />
                <SequencePoint vc="99" uspid="153" ordinal="10" offset="84" sl="139" sc="17" el="139" ec="81" bec="0" bev="0" fileid="3" />
                <SequencePoint vc="99" uspid="154" ordinal="11" offset="101" sl="140" sc="17" el="140" ec="60" bec="0" bev="0" fileid="3" />
                <SequencePoint vc="99" uspid="155" ordinal="12" offset="110" sl="141" sc="17" el="141" ec="58" bec="0" bev="0" fileid="3" />
                <SequencePoint vc="99" uspid="156" ordinal="13" offset="119" sl="142" sc="13" el="142" ec="14" bec="0" bev="0" fileid="3" />
                <SequencePoint vc="99" uspid="157" ordinal="14" offset="120" sl="137" sc="38" el="137" ec="41" bec="0" bev="0" fileid="3" />
                <SequencePoint vc="100" uspid="158" ordinal="15" offset="126" sl="137" sc="29" el="137" ec="36" bec="2" bev="2" fileid="3" />
                <SequencePoint vc="1" uspid="159" ordinal="16" offset="138" sl="143" sc="13" el="143" ec="81" bec="0" bev="0" fileid="3" />
                <SequencePoint vc="1" uspid="160" ordinal="17" offset="155" sl="144" sc="13" el="144" ec="57" bec="0" bev="0" fileid="3" />
                <SequencePoint vc="1" uspid="161" ordinal="18" offset="164" sl="145" sc="13" el="146" ec="20" bec="0" bev="0" fileid="3" />
                <SequencePoint vc="1" uspid="162" ordinal="19" offset="182" sl="148" sc="9" el="148" ec="10" bec="0" bev="0" fileid="3" />
              </SequencePoints>
              <BranchPoints>
                <BranchPoint vc="1" uspid="163" ordinal="0" offset="136" sl="137" path="0" offsetend="138" fileid="3" />
                <BranchPoint vc="99" uspid="164" ordinal="1" offset="136" sl="137" path="1" offsetend="83" fileid="3" />
              </BranchPoints>
              <MethodPoint xsi:type="SequencePoint" vc="1" uspid="143" ordinal="0" offset="0" sl="128" sc="9" el="128" ec="10" bec="0" bev="0" fileid="3" />
            </Method>
            <Method visited="true" cyclomaticComplexity="2" nPathComplexity="2" sequenceCoverage="100" branchCoverage="100" crapScore="2" isConstructor="false" isStatic="false" isGetter="false" isSetter="false">
              <Summary numSequencePoints="19" visitedSequencePoints="19" numBranchPoints="3" visitedBranchPoints="3" sequenceCoverage="100" branchCoverage="100" maxCyclomaticComplexity="2" minCyclomaticComplexity="2" maxCrapScore="2" minCrapScore="2" visitedClasses="0" numClasses="0" visitedMethods="1" numMethods="1" />
              <MetadataToken>100663316</MetadataToken>
              <Name>System.Void PowerPoint.Tests.ViewModelTests::HandleCanvasReleasedTest1()</Name>
              <FileRef uid="3" />
              <SequencePoints>
                <SequencePoint vc="1" uspid="165" ordinal="0" offset="0" sl="152" sc="9" el="152" ec="10" bec="0" bev="0" fileid="3" />
                <SequencePoint vc="1" uspid="166" ordinal="1" offset="1" sl="154" sc="13" el="154" ec="51" bec="0" bev="0" fileid="3" />
                <SequencePoint vc="1" uspid="167" ordinal="2" offset="7" sl="155" sc="13" el="155" ec="54" bec="0" bev="0" fileid="3" />
                <SequencePoint vc="1" uspid="168" ordinal="3" offset="18" sl="156" sc="13" el="156" ec="52" bec="0" bev="0" fileid="3" />
                <SequencePoint vc="1" uspid="169" ordinal="4" offset="29" sl="157" sc="13" el="157" ec="87" bec="0" bev="0" fileid="3" />
                <SequencePoint vc="1" uspid="170" ordinal="5" offset="39" sl="158" sc="13" el="158" ec="41" bec="0" bev="0" fileid="3" />
                <SequencePoint vc="1" uspid="171" ordinal="6" offset="53" sl="159" sc="13" el="159" ec="51" bec="0" bev="0" fileid="3" />
                <SequencePoint vc="1" uspid="172" ordinal="7" offset="72" sl="160" sc="13" el="160" ec="49" bec="0" bev="0" fileid="3" />
                <SequencePoint vc="1" uspid="173" ordinal="8" offset="80" sl="161" sc="18" el="161" ec="27" bec="0" bev="0" fileid="3" />
                <SequencePoint vc="100" uspid="174" ordinal="9" offset="85" sl="162" sc="13" el="162" ec="14" bec="0" bev="0" fileid="3" />
                <SequencePoint vc="100" uspid="175" ordinal="10" offset="86" sl="163" sc="17" el="163" ec="81" bec="0" bev="0" fileid="3" />
                <SequencePoint vc="100" uspid="176" ordinal="11" offset="103" sl="164" sc="17" el="164" ec="60" bec="0" bev="0" fileid="3" />
                <SequencePoint vc="100" uspid="177" ordinal="12" offset="112" sl="165" sc="17" el="165" ec="58" bec="0" bev="0" fileid="3" />
                <SequencePoint vc="100" uspid="178" ordinal="13" offset="121" sl="166" sc="13" el="166" ec="14" bec="0" bev="0" fileid="3" />
                <SequencePoint vc="100" uspid="179" ordinal="14" offset="122" sl="161" sc="38" el="161" ec="41" bec="0" bev="0" fileid="3" />
                <SequencePoint vc="101" uspid="180" ordinal="15" offset="128" sl="161" sc="29" el="161" ec="36" bec="2" bev="2" fileid="3" />
                <SequencePoint vc="1" uspid="181" ordinal="16" offset="140" sl="167" sc="13" el="167" ec="81" bec="0" bev="0" fileid="3" />
                <SequencePoint vc="1" uspid="182" ordinal="17" offset="157" sl="168" sc="13" el="168" ec="57" bec="0" bev="0" fileid="3" />
                <SequencePoint vc="1" uspid="183" ordinal="18" offset="166" sl="171" sc="9" el="171" ec="10" bec="0" bev="0" fileid="3" />
              </SequencePoints>
              <BranchPoints>
                <BranchPoint vc="1" uspid="184" ordinal="0" offset="138" sl="161" path="0" offsetend="140" fileid="3" />
                <BranchPoint vc="100" uspid="185" ordinal="1" offset="138" sl="161" path="1" offsetend="85" fileid="3" />
              </BranchPoints>
              <MethodPoint xsi:type="SequencePoint" vc="1" uspid="165" ordinal="0" offset="0" sl="152" sc="9" el="152" ec="10" bec="0" bev="0" fileid="3" />
            </Method>
            <Method visited="true" cyclomaticComplexity="1" nPathComplexity="0" sequenceCoverage="100" branchCoverage="100" crapScore="1" isConstructor="false" isStatic="false" isGetter="false" isSetter="false">
              <Summary numSequencePoints="4" visitedSequencePoints="4" numBranchPoints="1" visitedBranchPoints="1" sequenceCoverage="100" branchCoverage="100" maxCyclomaticComplexity="1" minCyclomaticComplexity="1" maxCrapScore="1" minCrapScore="1" visitedClasses="0" numClasses="0" visitedMethods="1" numMethods="1" />
              <MetadataToken>100663317</MetadataToken>
              <Name>System.Void PowerPoint.Tests.ViewModelTests::FormLoadTest()</Name>
              <FileRef uid="3" />
              <SequencePoints>
                <SequencePoint vc="1" uspid="186" ordinal="0" offset="0" sl="176" sc="9" el="176" ec="10" bec="0" bev="0" fileid="3" />
                <SequencePoint vc="1" uspid="187" ordinal="1" offset="1" sl="177" sc="13" el="180" ec="15" bec="0" bev="0" fileid="3" />
                <SequencePoint vc="1" uspid="188" ordinal="2" offset="19" sl="181" sc="13" el="182" ec="28" bec="0" bev="0" fileid="3" />
                <SequencePoint vc="1" uspid="189" ordinal="3" offset="36" sl="183" sc="9" el="183" ec="10" bec="0" bev="0" fileid="3" />
              </SequencePoints>
              <BranchPoints />
              <MethodPoint xsi:type="SequencePoint" vc="1" uspid="186" ordinal="0" offset="0" sl="176" sc="9" el="176" ec="10" bec="0" bev="0" fileid="3" />
            </Method>
            <Method visited="false" cyclomaticComplexity="1" nPathComplexity="0" sequenceCoverage="0" branchCoverage="0" crapScore="2" isConstructor="true" isStatic="false" isGetter="false" isSetter="false">
              <Summary numSequencePoints="0" visitedSequencePoints="0" numBranchPoints="0" visitedBranchPoints="0" sequenceCoverage="0" branchCoverage="0" maxCyclomaticComplexity="1" minCyclomaticComplexity="1" maxCrapScore="2" minCrapScore="2" visitedClasses="0" numClasses="0" visitedMethods="0" numMethods="0" />
              <MetadataToken>100663318</MetadataToken>
              <Name>System.Void PowerPoint.Tests.ViewModelTests::.ctor()</Name>
              <SequencePoints />
              <BranchPoints />
              <MethodPoint vc="0" uspid="190" ordinal="0" offset="0" />
            </Method>
          </Methods>
        </Class>
      </Classes>
    </Module>
    <Module hash="1C-04-F4-03-DB-72-68-97-C1-E3-70-BC-78-BD-99-48-22-5C-50-63">
      <Summary numSequencePoints="469" visitedSequencePoints="415" numBranchPoints="116" visitedBranchPoints="88" sequenceCoverage="88.49" branchCoverage="75.86" maxCyclomaticComplexity="6" minCyclomaticComplexity="1" maxCrapScore="6.09" minCrapScore="1" visitedClasses="11" numClasses="13" visitedMethods="54" numMethods="62" />
      <ModulePath>C:\Users\USER\Desktop\視窗程式設計\PowerPoint-main\PowerPoint-main\PowerPointTests\bin\Debug\fine-code-coverage\build-output\PowerPoint.exe</ModulePath>
      <ModuleTime>2023-11-29T15:26:46.669188Z</ModuleTime>
      <ModuleName>PowerPoint</ModuleName>
      <Files>
        <File uid="7" fullPath="C:\Users\USER\Desktop\視窗程式設計\PowerPoint-main\PowerPoint-main\PowerPoint\Canvas.cs" />
        <File uid="8" fullPath="C:\Users\USER\Desktop\視窗程式設計\PowerPoint-main\PowerPoint-main\PowerPoint\Ellipse.cs" />
        <File uid="9" fullPath="C:\Users\USER\Desktop\視窗程式設計\PowerPoint-main\PowerPoint-main\PowerPoint\Line.cs" />
        <File uid="10" fullPath="C:\Users\USER\Desktop\視窗程式設計\PowerPoint-main\PowerPoint-main\PowerPoint\ViewModel.cs" />
        <File uid="13" fullPath="C:\Users\USER\Desktop\視窗程式設計\PowerPoint-main\PowerPoint-main\PowerPoint\Rectangle.cs" />
        <File uid="14" fullPath="C:\Users\USER\Desktop\視窗程式設計\PowerPoint-main\PowerPoint-main\PowerPoint\Shape.cs" />
        <File uid="15" fullPath="C:\Users\USER\Desktop\視窗程式設計\PowerPoint-main\PowerPoint-main\PowerPoint\Form1.Designer.cs" />
        <File uid="16" fullPath="C:\Users\USER\Desktop\視窗程式設計\PowerPoint-main\PowerPoint-main\PowerPoint\Form1.cs" />
        <File uid="18" fullPath="C:\Users\USER\Desktop\視窗程式設計\PowerPoint-main\PowerPoint-main\PowerPoint\Program.cs" />
        <File uid="19" fullPath="C:\Users\USER\Desktop\視窗程式設計\PowerPoint-main\PowerPoint-main\PowerPoint\ShapeFactory.cs" />
        <File uid="20" fullPath="C:\Users\USER\Desktop\視窗程式設計\PowerPoint-main\PowerPoint-main\PowerPoint\Position.cs" />
      </Files>
      <Classes>
        <Class>
          <Summary numSequencePoints="4" visitedSequencePoints="4" numBranchPoints="1" visitedBranchPoints="1" sequenceCoverage="100" branchCoverage="100" maxCyclomaticComplexity="1" minCyclomaticComplexity="1" maxCrapScore="1" minCrapScore="1" visitedClasses="1" numClasses="1" visitedMethods="1" numMethods="1" />
          <FullName>PowerPoint.Canvas</FullName>
          <Methods>
            <Method visited="true" cyclomaticComplexity="1" nPathComplexity="0" sequenceCoverage="100" branchCoverage="100" crapScore="1" isConstructor="true" isStatic="false" isGetter="false" isSetter="false">
              <Summary numSequencePoints="4" visitedSequencePoints="4" numBranchPoints="1" visitedBranchPoints="1" sequenceCoverage="100" branchCoverage="100" maxCyclomaticComplexity="1" minCyclomaticComplexity="1" maxCrapScore="1" minCrapScore="1" visitedClasses="0" numClasses="0" visitedMethods="1" numMethods="1" />
              <MetadataToken>100663297</MetadataToken>
              <Name>System.Void PowerPoint.Canvas::.ctor()</Name>
              <FileRef uid="7" />
              <SequencePoints>
                <SequencePoint vc="1" uspid="191" ordinal="0" offset="0" sl="12" sc="9" el="12" ec="24" bec="0" bev="0" fileid="7" />
                <SequencePoint vc="1" uspid="192" ordinal="1" offset="7" sl="13" sc="9" el="13" ec="10" bec="0" bev="0" fileid="7" />
                <SequencePoint vc="1" uspid="193" ordinal="2" offset="8" sl="14" sc="13" el="14" ec="35" bec="0" bev="0" fileid="7" />
                <SequencePoint vc="1" uspid="194" ordinal="3" offset="16" sl="15" sc="9" el="15" ec="10" bec="0" bev="0" fileid="7" />
              </SequencePoints>
              <BranchPoints />
              <MethodPoint xsi:type="SequencePoint" vc="1" uspid="191" ordinal="0" offset="0" sl="12" sc="9" el="12" ec="24" bec="0" bev="0" fileid="7" />
            </Method>
          </Methods>
        </Class>
        <Class>
          <Summary numSequencePoints="13" visitedSequencePoints="13" numBranchPoints="4" visitedBranchPoints="4" sequenceCoverage="100" branchCoverage="100" maxCyclomaticComplexity="2" minCyclomaticComplexity="1" maxCrapScore="2" minCrapScore="1" visitedClasses="1" numClasses="1" visitedMethods="2" numMethods="2" />
          <FullName>PowerPoint.Ellipse</FullName>
          <Methods>
            <Method visited="true" cyclomaticComplexity="1" nPathComplexity="0" sequenceCoverage="100" branchCoverage="100" crapScore="1" isConstructor="true" isStatic="false" isGetter="false" isSetter="false">
              <Summary numSequencePoints="4" visitedSequencePoints="4" numBranchPoints="1" visitedBranchPoints="1" sequenceCoverage="100" branchCoverage="100" maxCyclomaticComplexity="1" minCyclomaticComplexity="1" maxCrapScore="1" minCrapScore="1" visitedClasses="0" numClasses="0" visitedMethods="1" numMethods="1" />
              <MetadataToken>100663298</MetadataToken>
              <Name>System.Void PowerPoint.Ellipse::.ctor(PowerPoint.Position,PowerPoint.Position)</Name>
              <FileRef uid="8" />
              <SequencePoints>
                <SequencePoint vc="15" uspid="195" ordinal="0" offset="0" sl="8" sc="60" el="8" ec="80" bec="0" bev="0" fileid="8" />
                <SequencePoint vc="15" uspid="196" ordinal="1" offset="9" sl="9" sc="9" el="9" ec="10" bec="0" bev="0" fileid="8" />
                <SequencePoint vc="15" uspid="197" ordinal="2" offset="10" sl="10" sc="13" el="10" ec="35" bec="0" bev="0" fileid="8" />
                <SequencePoint vc="15" uspid="198" ordinal="3" offset="22" sl="11" sc="9" el="11" ec="10" bec="0" bev="0" fileid="8" />
              </SequencePoints>
              <BranchPoints />
              <MethodPoint xsi:type="SequencePoint" vc="15" uspid="195" ordinal="0" offset="0" sl="8" sc="60" el="8" ec="80" bec="0" bev="0" fileid="8" />
            </Method>
            <Method visited="true" cyclomaticComplexity="2" nPathComplexity="2" sequenceCoverage="100" branchCoverage="100" crapScore="2" isConstructor="false" isStatic="false" isGetter="false" isSetter="false">
              <Summary numSequencePoints="9" visitedSequencePoints="9" numBranchPoints="3" visitedBranchPoints="3" sequenceCoverage="100" branchCoverage="100" maxCyclomaticComplexity="2" minCyclomaticComplexity="2" maxCrapScore="2" minCrapScore="2" visitedClasses="0" numClasses="0" visitedMethods="1" numMethods="1" />
              <MetadataToken>100663299</MetadataToken>
              <Name>System.Void PowerPoint.Ellipse::Draw(System.Drawing.Graphics)</Name>
              <FileRef uid="8" />
              <SequencePoints>
                <SequencePoint vc="2" uspid="199" ordinal="0" offset="0" sl="18" sc="9" el="18" ec="10" bec="0" bev="0" fileid="8" />
                <SequencePoint vc="2" uspid="200" ordinal="1" offset="1" sl="19" sc="13" el="19" ec="60" bec="0" bev="0" fileid="8" />
                <SequencePoint vc="2" uspid="201" ordinal="2" offset="29" sl="20" sc="13" el="20" ec="60" bec="0" bev="0" fileid="8" />
                <SequencePoint vc="2" uspid="202" ordinal="3" offset="57" sl="21" sc="13" el="21" ec="91" bec="0" bev="0" fileid="8" />
                <SequencePoint vc="2" uspid="203" ordinal="4" offset="83" sl="23" sc="13" el="23" ec="27" bec="2" bev="2" fileid="8" />
                <SequencePoint vc="1" uspid="204" ordinal="5" offset="93" sl="24" sc="13" el="24" ec="14" bec="0" bev="0" fileid="8" />
                <SequencePoint vc="1" uspid="205" ordinal="6" offset="94" sl="25" sc="17" el="25" ec="47" bec="0" bev="0" fileid="8" />
                <SequencePoint vc="1" uspid="206" ordinal="7" offset="102" sl="26" sc="13" el="26" ec="14" bec="0" bev="0" fileid="8" />
                <SequencePoint vc="2" uspid="207" ordinal="8" offset="103" sl="27" sc="9" el="27" ec="10" bec="0" bev="0" fileid="8" />
              </SequencePoints>
              <BranchPoints>
                <BranchPoint vc="1" uspid="208" ordinal="0" offset="91" sl="23" path="0" offsetend="93" fileid="8" />
                <BranchPoint vc="1" uspid="209" ordinal="1" offset="91" sl="23" path="1" offsetend="103" fileid="8" />
              </BranchPoints>
              <MethodPoint xsi:type="SequencePoint" vc="2" uspid="199" ordinal="0" offset="0" sl="18" sc="9" el="18" ec="10" bec="0" bev="0" fileid="8" />
            </Method>
          </Methods>
        </Class>
        <Class>
          <Summary numSequencePoints="11" visitedSequencePoints="11" numBranchPoints="4" visitedBranchPoints="4" sequenceCoverage="100" branchCoverage="100" maxCyclomaticComplexity="2" minCyclomaticComplexity="1" maxCrapScore="2" minCrapScore="1" visitedClasses="1" numClasses="1" visitedMethods="2" numMethods="2" />
          <FullName>PowerPoint.Line</FullName>
          <Methods>
            <Method visited="true" cyclomaticComplexity="1" nPathComplexity="0" sequenceCoverage="100" branchCoverage="100" crapScore="1" isConstructor="true" isStatic="false" isGetter="false" isSetter="false">
              <Summary numSequencePoints="4" visitedSequencePoints="4" numBranchPoints="1" visitedBranchPoints="1" sequenceCoverage="100" branchCoverage="100" maxCyclomaticComplexity="1" minCyclomaticComplexity="1" maxCrapScore="1" minCrapScore="1" visitedClasses="0" numClasses="0" visitedMethods="1" numMethods="1" />
              <MetadataToken>100663300</MetadataToken>
              <Name>System.Void PowerPoint.Line::.ctor(PowerPoint.Position,PowerPoint.Position)</Name>
              <FileRef uid="9" />
              <SequencePoints>
                <SequencePoint vc="4" uspid="210" ordinal="0" offset="0" sl="7" sc="57" el="7" ec="77" bec="0" bev="0" fileid="9" />
                <SequencePoint vc="4" uspid="211" ordinal="1" offset="9" sl="8" sc="9" el="8" ec="10" bec="0" bev="0" fileid="9" />
                <SequencePoint vc="4" uspid="212" ordinal="2" offset="10" sl="9" sc="13" el="9" ec="37" bec="0" bev="0" fileid="9" />
                <SequencePoint vc="4" uspid="213" ordinal="3" offset="22" sl="10" sc="9" el="10" ec="10" bec="0" bev="0" fileid="9" />
              </SequencePoints>
              <BranchPoints />
              <MethodPoint xsi:type="SequencePoint" vc="4" uspid="210" ordinal="0" offset="0" sl="7" sc="57" el="7" ec="77" bec="0" bev="0" fileid="9" />
            </Method>
            <Method visited="true" cyclomaticComplexity="2" nPathComplexity="2" sequenceCoverage="100" branchCoverage="100" crapScore="2" isConstructor="false" isStatic="false" isGetter="false" isSetter="false">
              <Summary numSequencePoints="7" visitedSequencePoints="7" numBranchPoints="3" visitedBranchPoints="3" sequenceCoverage="100" branchCoverage="100" maxCyclomaticComplexity="2" minCyclomaticComplexity="2" maxCrapScore="2" minCrapScore="2" visitedClasses="0" numClasses="0" visitedMethods="1" numMethods="1" />
              <MetadataToken>100663301</MetadataToken>
              <Name>System.Void PowerPoint.Line::Draw(System.Drawing.Graphics)</Name>
              <FileRef uid="9" />
              <SequencePoints>
                <SequencePoint vc="2" uspid="214" ordinal="0" offset="0" sl="17" sc="9" el="17" ec="10" bec="0" bev="0" fileid="9" />
                <SequencePoint vc="2" uspid="215" ordinal="1" offset="1" sl="18" sc="13" el="18" ec="86" bec="0" bev="0" fileid="9" />
                <SequencePoint vc="2" uspid="216" ordinal="2" offset="57" sl="20" sc="13" el="20" ec="27" bec="2" bev="2" fileid="9" />
                <SequencePoint vc="1" uspid="217" ordinal="3" offset="67" sl="21" sc="13" el="21" ec="14" bec="0" bev="0" fileid="9" />
                <SequencePoint vc="1" uspid="218" ordinal="4" offset="68" sl="22" sc="17" el="22" ec="47" bec="0" bev="0" fileid="9" />
                <SequencePoint vc="1" uspid="219" ordinal="5" offset="76" sl="23" sc="13" el="23" ec="14" bec="0" bev="0" fileid="9" />
                <SequencePoint vc="2" uspid="220" ordinal="6" offset="77" sl="25" sc="9" el="25" ec="10" bec="0" bev="0" fileid="9" />
              </SequencePoints>
              <BranchPoints>
                <BranchPoint vc="1" uspid="221" ordinal="0" offset="65" sl="20" path="0" offsetend="67" fileid="9" />
                <BranchPoint vc="1" uspid="222" ordinal="1" offset="65" sl="20" path="1" offsetend="77" fileid="9" />
              </BranchPoints>
              <MethodPoint xsi:type="SequencePoint" vc="2" uspid="214" ordinal="0" offset="0" sl="17" sc="9" el="17" ec="10" bec="0" bev="0" fileid="9" />
            </Method>
          </Methods>
        </Class>
        <Class>
          <Summary numSequencePoints="116" visitedSequencePoints="106" numBranchPoints="48" visitedBranchPoints="39" sequenceCoverage="91.38" branchCoverage="81.25" maxCyclomaticComplexity="6" minCyclomaticComplexity="1" maxCrapScore="6.09" minCrapScore="1" visitedClasses="1" numClasses="1" visitedMethods="18" numMethods="18" />
          <FullName>PowerPoint.ViewModel</FullName>
          <Methods>
            <Method visited="true" cyclomaticComplexity="1" nPathComplexity="0" sequenceCoverage="100" branchCoverage="100" crapScore="1" isConstructor="false" isStatic="false" isGetter="true" isSetter="false">
              <Summary numSequencePoints="1" visitedSequencePoints="1" numBranchPoints="1" visitedBranchPoints="1" sequenceCoverage="100" branchCoverage="100" maxCyclomaticComplexity="1" minCyclomaticComplexity="1" maxCrapScore="1" minCrapScore="1" visitedClasses="0" numClasses="0" visitedMethods="1" numMethods="1" />
              <MetadataToken>100663314</MetadataToken>
              <Name>System.ComponentModel.BindingList`1&lt;PowerPoint.Shape&gt; PowerPoint.ViewModel::get_Shapes()</Name>
              <FileRef uid="10" />
              <SequencePoints>
                <SequencePoint vc="157" uspid="223" ordinal="0" offset="0" sl="209" sc="13" el="209" ec="17" bec="0" bev="0" fileid="10" />
              </SequencePoints>
              <BranchPoints />
              <MethodPoint xsi:type="SequencePoint" vc="157" uspid="223" ordinal="0" offset="0" sl="209" sc="13" el="209" ec="17" bec="0" bev="0" fileid="10" />
            </Method>
            <Method visited="true" cyclomaticComplexity="1" nPathComplexity="0" sequenceCoverage="100" branchCoverage="100" crapScore="1" isConstructor="false" isStatic="false" isGetter="false" isSetter="true">
              <Summary numSequencePoints="1" visitedSequencePoints="1" numBranchPoints="1" visitedBranchPoints="1" sequenceCoverage="100" branchCoverage="100" maxCyclomaticComplexity="1" minCyclomaticComplexity="1" maxCrapScore="1" minCrapScore="1" visitedClasses="0" numClasses="0" visitedMethods="1" numMethods="1" />
              <MetadataToken>100663315</MetadataToken>
              <Name>System.Void PowerPoint.ViewModel::set_Shapes(System.ComponentModel.BindingList`1&lt;PowerPoint.Shape&gt;)</Name>
              <FileRef uid="10" />
              <SequencePoints>
                <SequencePoint vc="11" uspid="224" ordinal="0" offset="0" sl="210" sc="13" el="210" ec="25" bec="0" bev="0" fileid="10" />
              </SequencePoints>
              <BranchPoints />
              <MethodPoint xsi:type="SequencePoint" vc="11" uspid="224" ordinal="0" offset="0" sl="210" sc="13" el="210" ec="25" bec="0" bev="0" fileid="10" />
            </Method>
            <Method visited="true" cyclomaticComplexity="1" nPathComplexity="0" sequenceCoverage="100" branchCoverage="100" crapScore="1" isConstructor="false" isStatic="false" isGetter="true" isSetter="false">
              <Summary numSequencePoints="1" visitedSequencePoints="1" numBranchPoints="1" visitedBranchPoints="1" sequenceCoverage="100" branchCoverage="100" maxCyclomaticComplexity="1" minCyclomaticComplexity="1" maxCrapScore="1" minCrapScore="1" visitedClasses="0" numClasses="0" visitedMethods="1" numMethods="1" />
              <MetadataToken>100663316</MetadataToken>
              <Name>PowerPoint.ShapeType PowerPoint.ViewModel::get_SelectedShape()</Name>
              <FileRef uid="10" />
              <SequencePoints>
                <SequencePoint vc="100" uspid="225" ordinal="0" offset="0" sl="215" sc="13" el="215" ec="17" bec="0" bev="0" fileid="10" />
              </SequencePoints>
              <BranchPoints />
              <MethodPoint xsi:type="SequencePoint" vc="100" uspid="225" ordinal="0" offset="0" sl="215" sc="13" el="215" ec="17" bec="0" bev="0" fileid="10" />
            </Method>
            <Method visited="true" cyclomaticComplexity="1" nPathComplexity="0" sequenceCoverage="100" branchCoverage="100" crapScore="1" isConstructor="false" isStatic="false" isGetter="false" isSetter="true">
              <Summary numSequencePoints="1" visitedSequencePoints="1" numBranchPoints="1" visitedBranchPoints="1" sequenceCoverage="100" branchCoverage="100" maxCyclomaticComplexity="1" minCyclomaticComplexity="1" maxCrapScore="1" minCrapScore="1" visitedClasses="0" numClasses="0" visitedMethods="1" numMethods="1" />
              <MetadataToken>100663317</MetadataToken>
              <Name>System.Void PowerPoint.ViewModel::set_SelectedShape(PowerPoint.ShapeType)</Name>
              <FileRef uid="10" />
              <SequencePoints>
                <SequencePoint vc="1" uspid="226" ordinal="0" offset="0" sl="216" sc="13" el="216" ec="17" bec="0" bev="0" fileid="10" />
              </SequencePoints>
              <BranchPoints />
              <MethodPoint xsi:type="SequencePoint" vc="1" uspid="226" ordinal="0" offset="0" sl="216" sc="13" el="216" ec="17" bec="0" bev="0" fileid="10" />
            </Method>
            <Method visited="true" cyclomaticComplexity="1" nPathComplexity="0" sequenceCoverage="100" branchCoverage="100" crapScore="1" isConstructor="false" isStatic="false" isGetter="true" isSetter="false">
              <Summary numSequencePoints="1" visitedSequencePoints="1" numBranchPoints="1" visitedBranchPoints="1" sequenceCoverage="100" branchCoverage="100" maxCyclomaticComplexity="1" minCyclomaticComplexity="1" maxCrapScore="1" minCrapScore="1" visitedClasses="0" numClasses="0" visitedMethods="1" numMethods="1" />
              <MetadataToken>100663318</MetadataToken>
              <Name>PowerPoint.Mode PowerPoint.ViewModel::get_CurrentMode()</Name>
              <FileRef uid="10" />
              <SequencePoints>
                <SequencePoint vc="1" uspid="227" ordinal="0" offset="0" sl="219" sc="41" el="219" ec="52" bec="0" bev="0" fileid="10" />
              </SequencePoints>
              <BranchPoints />
              <MethodPoint xsi:type="SequencePoint" vc="1" uspid="227" ordinal="0" offset="0" sl="219" sc="41" el="219" ec="52" bec="0" bev="0" fileid="10" />
            </Method>
            <Method visited="true" cyclomaticComplexity="1" nPathComplexity="0" sequenceCoverage="100" branchCoverage="100" crapScore="1" isConstructor="false" isStatic="false" isGetter="false" isSetter="true">
              <Summary numSequencePoints="1" visitedSequencePoints="1" numBranchPoints="1" visitedBranchPoints="1" sequenceCoverage="100" branchCoverage="100" maxCyclomaticComplexity="1" minCyclomaticComplexity="1" maxCrapScore="1" minCrapScore="1" visitedClasses="0" numClasses="0" visitedMethods="1" numMethods="1" />
              <MetadataToken>100663319</MetadataToken>
              <Name>System.Void PowerPoint.ViewModel::set_CurrentMode(PowerPoint.Mode)</Name>
              <FileRef uid="10" />
              <SequencePoints>
                <SequencePoint vc="2" uspid="228" ordinal="0" offset="0" sl="219" sc="61" el="219" ec="80" bec="0" bev="0" fileid="10" />
              </SequencePoints>
              <BranchPoints />
              <MethodPoint xsi:type="SequencePoint" vc="2" uspid="228" ordinal="0" offset="0" sl="219" sc="61" el="219" ec="80" bec="0" bev="0" fileid="10" />
            </Method>
            <Method visited="false" cyclomaticComplexity="2" nPathComplexity="0" sequenceCoverage="0" branchCoverage="0" crapScore="6" isConstructor="false" isStatic="false" isGetter="false" isSetter="false">
              <Summary numSequencePoints="0" visitedSequencePoints="0" numBranchPoints="0" visitedBranchPoints="0" sequenceCoverage="0" branchCoverage="0" maxCyclomaticComplexity="2" minCyclomaticComplexity="2" maxCrapScore="6" minCrapScore="6" visitedClasses="0" numClasses="0" visitedMethods="0" numMethods="0" />
              <MetadataToken>100663302</MetadataToken>
              <Name>System.Void PowerPoint.ViewModel::add_ModelChanged(PowerPoint.ViewModel/ModelChangedEventHandler)</Name>
              <SequencePoints />
              <BranchPoints />
              <MethodPoint vc="0" uspid="229" ordinal="0" offset="0" />
            </Method>
            <Method visited="false" cyclomaticComplexity="2" nPathComplexity="0" sequenceCoverage="0" branchCoverage="0" crapScore="6" isConstructor="false" isStatic="false" isGetter="false" isSetter="false">
              <Summary numSequencePoints="0" visitedSequencePoints="0" numBranchPoints="0" visitedBranchPoints="0" sequenceCoverage="0" branchCoverage="0" maxCyclomaticComplexity="2" minCyclomaticComplexity="2" maxCrapScore="6" minCrapScore="6" visitedClasses="0" numClasses="0" visitedMethods="0" numMethods="0" />
              <MetadataToken>100663303</MetadataToken>
              <Name>System.Void PowerPoint.ViewModel::remove_ModelChanged(PowerPoint.ViewModel/ModelChangedEventHandler)</Name>
              <SequencePoints />
              <BranchPoints />
              <MethodPoint vc="0" uspid="230" ordinal="0" offset="0" />
            </Method>
            <Method visited="true" cyclomaticComplexity="1" nPathComplexity="0" sequenceCoverage="100" branchCoverage="100" crapScore="1" isConstructor="true" isStatic="false" isGetter="false" isSetter="false">
              <Summary numSequencePoints="4" visitedSequencePoints="4" numBranchPoints="1" visitedBranchPoints="1" sequenceCoverage="100" branchCoverage="100" maxCyclomaticComplexity="1" minCyclomaticComplexity="1" maxCrapScore="1" minCrapScore="1" visitedClasses="0" numClasses="0" visitedMethods="1" numMethods="1" />
              <MetadataToken>100663304</MetadataToken>
              <Name>System.Void PowerPoint.ViewModel::.ctor()</Name>
              <FileRef uid="10" />
              <SequencePoints>
                <SequencePoint vc="11" uspid="231" ordinal="0" offset="0" sl="14" sc="9" el="14" ec="27" bec="0" bev="0" fileid="10" />
                <SequencePoint vc="11" uspid="232" ordinal="1" offset="7" sl="15" sc="9" el="15" ec="10" bec="0" bev="0" fileid="10" />
                <SequencePoint vc="11" uspid="233" ordinal="2" offset="8" sl="16" sc="13" el="16" ec="47" bec="0" bev="0" fileid="10" />
                <SequencePoint vc="11" uspid="234" ordinal="3" offset="20" sl="17" sc="9" el="17" ec="10" bec="0" bev="0" fileid="10" />
              </SequencePoints>
              <BranchPoints />
              <MethodPoint xsi:type="SequencePoint" vc="11" uspid="231" ordinal="0" offset="0" sl="14" sc="9" el="14" ec="27" bec="0" bev="0" fileid="10" />
            </Method>
            <Method visited="true" cyclomaticComplexity="5" nPathComplexity="4" sequenceCoverage="84.62" branchCoverage="40" crapScore="5.09" isConstructor="false" isStatic="false" isGetter="false" isSetter="false">
              <Summary numSequencePoints="13" visitedSequencePoints="11" numBranchPoints="5" visitedBranchPoints="2" sequenceCoverage="84.62" branchCoverage="40" maxCyclomaticComplexity="5" minCyclomaticComplexity="5" maxCrapScore="5.09" minCrapScore="5.09" visitedClasses="0" numClasses="0" visitedMethods="1" numMethods="1" />
              <MetadataToken>100663305</MetadataToken>
              <Name>System.Void PowerPoint.ViewModel::Draw(System.Drawing.Graphics)</Name>
              <FileRef uid="10" />
              <SequencePoints>
                <SequencePoint vc="32" uspid="235" ordinal="0" offset="0" sl="24" sc="9" el="24" ec="10" bec="0" bev="0" fileid="10" />
                <SequencePoint vc="32" uspid="236" ordinal="1" offset="1" sl="25" sc="13" el="25" ec="20" bec="0" bev="0" fileid="10" />
                <SequencePoint vc="32" uspid="237" ordinal="2" offset="2" sl="25" sc="35" el="25" ec="41" bec="0" bev="0" fileid="10" />
                <SequencePoint vc="2" uspid="238" ordinal="3" offset="16" sl="25" sc="22" el="25" ec="31" bec="0" bev="0" fileid="10" />
                <SequencePoint vc="2" uspid="239" ordinal="4" offset="23" sl="26" sc="13" el="26" ec="14" bec="0" bev="0" fileid="10" />
                <SequencePoint vc="2" uspid="240" ordinal="5" offset="24" sl="27" sc="17" el="27" ec="38" bec="0" bev="0" fileid="10" />
                <SequencePoint vc="2" uspid="241" ordinal="6" offset="32" sl="28" sc="13" el="28" ec="14" bec="0" bev="0" fileid="10" />
                <SequencePoint vc="34" uspid="242" ordinal="7" offset="33" sl="25" sc="32" el="25" ec="34" bec="0" bev="0" fileid="10" />
                <SequencePoint vc="32" uspid="243" ordinal="8" offset="54" sl="30" sc="13" el="30" ec="29" bec="2" bev="1" fileid="10" />
                <SequencePoint vc="32" uspid="244" ordinal="9" offset="67" sl="31" sc="17" el="31" ec="24" bec="0" bev="0" fileid="10" />
                <SequencePoint vc="0" uspid="245" ordinal="10" offset="69" sl="33" sc="13" el="33" ec="39" bec="2" bev="0" fileid="10" />
                <SequencePoint vc="0" uspid="246" ordinal="11" offset="82" sl="34" sc="17" el="34" ec="46" bec="0" bev="0" fileid="10" />
                <SequencePoint vc="32" uspid="247" ordinal="12" offset="95" sl="35" sc="9" el="35" ec="10" bec="0" bev="0" fileid="10" />
              </SequencePoints>
              <BranchPoints>
                <BranchPoint vc="32" uspid="250" ordinal="2" offset="65" sl="30" path="0" offsetchain="67" offsetend="95" fileid="10" />
                <BranchPoint vc="0" uspid="251" ordinal="3" offset="65" sl="30" path="1" offsetend="69" fileid="10" />
                <BranchPoint vc="0" uspid="252" ordinal="4" offset="80" sl="33" path="0" offsetend="82" fileid="10" />
                <BranchPoint vc="0" uspid="253" ordinal="5" offset="80" sl="33" path="1" offsetend="95" fileid="10" />
              </BranchPoints>
              <MethodPoint xsi:type="SequencePoint" vc="32" uspid="235" ordinal="0" offset="0" sl="24" sc="9" el="24" ec="10" bec="0" bev="0" fileid="10" />
            </Method>
            <Method visited="true" cyclomaticComplexity="1" nPathComplexity="0" sequenceCoverage="100" branchCoverage="100" crapScore="1" isConstructor="false" isStatic="false" isGetter="false" isSetter="false">
              <Summary numSequencePoints="4" visitedSequencePoints="4" numBranchPoints="1" visitedBranchPoints="1" sequenceCoverage="100" branchCoverage="100" maxCyclomaticComplexity="1" minCyclomaticComplexity="1" maxCrapScore="1" minCrapScore="1" visitedClasses="0" numClasses="0" visitedMethods="1" numMethods="1" />
              <MetadataToken>100663306</MetadataToken>
              <Name>System.Void PowerPoint.ViewModel::Add(PowerPoint.Shape)</Name>
              <FileRef uid="10" />
              <SequencePoints>
                <SequencePoint vc="3" uspid="254" ordinal="0" offset="0" sl="42" sc="9" el="42" ec="10" bec="0" bev="0" fileid="10" />
                <SequencePoint vc="3" uspid="255" ordinal="1" offset="1" sl="43" sc="13" el="43" ec="31" bec="0" bev="0" fileid="10" />
                <SequencePoint vc="3" uspid="256" ordinal="2" offset="14" sl="44" sc="13" el="44" ec="34" bec="0" bev="0" fileid="10" />
                <SequencePoint vc="3" uspid="257" ordinal="3" offset="21" sl="45" sc="9" el="45" ec="10" bec="0" bev="0" fileid="10" />
              </SequencePoints>
              <BranchPoints />
              <MethodPoint xsi:type="SequencePoint" vc="3" uspid="254" ordinal="0" offset="0" sl="42" sc="9" el="42" ec="10" bec="0" bev="0" fileid="10" />
            </Method>
            <Method visited="true" cyclomaticComplexity="1" nPathComplexity="0" sequenceCoverage="100" branchCoverage="100" crapScore="1" isConstructor="false" isStatic="false" isGetter="false" isSetter="false">
              <Summary numSequencePoints="4" visitedSequencePoints="4" numBranchPoints="1" visitedBranchPoints="1" sequenceCoverage="100" branchCoverage="100" maxCyclomaticComplexity="1" minCyclomaticComplexity="1" maxCrapScore="1" minCrapScore="1" visitedClasses="0" numClasses="0" visitedMethods="1" numMethods="1" />
              <MetadataToken>100663307</MetadataToken>
              <Name>System.Void PowerPoint.ViewModel::RemoveAt(System.Int32)</Name>
              <FileRef uid="10" />
              <SequencePoints>
                <SequencePoint vc="1" uspid="258" ordinal="0" offset="0" sl="52" sc="9" el="52" ec="10" bec="0" bev="0" fileid="10" />
                <SequencePoint vc="1" uspid="259" ordinal="1" offset="1" sl="53" sc="13" el="53" ec="36" bec="0" bev="0" fileid="10" />
                <SequencePoint vc="1" uspid="260" ordinal="2" offset="14" sl="54" sc="13" el="54" ec="34" bec="0" bev="0" fileid="10" />
                <SequencePoint vc="1" uspid="261" ordinal="3" offset="21" sl="55" sc="9" el="55" ec="10" bec="0" bev="0" fileid="10" />
              </SequencePoints>
              <BranchPoints />
              <MethodPoint xsi:type="SequencePoint" vc="1" uspid="258" ordinal="0" offset="0" sl="52" sc="9" el="52" ec="10" bec="0" bev="0" fileid="10" />
            </Method>
            <Method visited="true" cyclomaticComplexity="2" nPathComplexity="2" sequenceCoverage="50" branchCoverage="66.67" crapScore="2.50" isConstructor="false" isStatic="false" isGetter="false" isSetter="false">
              <Summary numSequencePoints="6" visitedSequencePoints="3" numBranchPoints="3" visitedBranchPoints="2" sequenceCoverage="50" branchCoverage="66.67" maxCyclomaticComplexity="2" minCyclomaticComplexity="2" maxCrapScore="2.50" minCrapScore="2.50" visitedClasses="0" numClasses="0" visitedMethods="1" numMethods="1" />
              <MetadataToken>100663308</MetadataToken>
              <Name>System.Void PowerPoint.ViewModel::NotifyModelChanged()</Name>
              <FileRef uid="10" />
              <SequencePoints>
                <SequencePoint vc="307" uspid="262" ordinal="0" offset="0" sl="61" sc="9" el="61" ec="10" bec="0" bev="0" fileid="10" />
[...]
                <SequencePoint vc="1" uspid="679" ordinal="144" offset="2452" sl="233" sc="13" el="233" ec="33" bec="0" bev="0" fileid="15" />
                <SequencePoint vc="1" uspid="680" ordinal="145" offset="2464" sl="234" sc="13" el="234" ec="89" bec="0" bev="0" fileid="15" />
                <SequencePoint vc="1" uspid="681" ordinal="146" offset="2476" sl="235" sc="13" el="235" ec="49" bec="0" bev="0" fileid="15" />
                <SequencePoint vc="1" uspid="682" ordinal="147" offset="2489" sl="236" sc="13" el="236" ec="50" bec="0" bev="0" fileid="15" />
                <SequencePoint vc="1" uspid="683" ordinal="148" offset="2502" sl="237" sc="13" el="237" ec="46" bec="0" bev="0" fileid="15" />
                <SequencePoint vc="1" uspid="684" ordinal="149" offset="2514" sl="238" sc="13" el="238" ec="49" bec="0" bev="0" fileid="15" />
                <SequencePoint vc="1" uspid="685" ordinal="150" offset="2527" sl="239" sc="13" el="239" ec="50" bec="0" bev="0" fileid="15" />
                <SequencePoint vc="1" uspid="686" ordinal="151" offset="2540" sl="240" sc="13" el="240" ec="46" bec="0" bev="0" fileid="15" />
                <SequencePoint vc="1" uspid="687" ordinal="152" offset="2552" sl="241" sc="13" el="241" ec="38" bec="0" bev="0" fileid="15" />
                <SequencePoint vc="1" uspid="688" ordinal="153" offset="2560" sl="242" sc="13" el="242" ec="34" bec="0" bev="0" fileid="15" />
                <SequencePoint vc="1" uspid="689" ordinal="154" offset="2567" sl="244" sc="9" el="244" ec="10" bec="0" bev="0" fileid="15" />
              </SequencePoints>
              <BranchPoints />
              <MethodPoint xsi:type="SequencePoint" vc="1" uspid="535" ordinal="0" offset="0" sl="31" sc="9" el="31" ec="10" bec="0" bev="0" fileid="15" />
            </Method>
            <Method visited="false" cyclomaticComplexity="1" nPathComplexity="0" sequenceCoverage="0" branchCoverage="0" crapScore="2" isConstructor="false" isStatic="false" isGetter="false" isSetter="false">
              <Summary numSequencePoints="1" visitedSequencePoints="0" numBranchPoints="1" visitedBranchPoints="0" sequenceCoverage="0" branchCoverage="0" maxCyclomaticComplexity="1" minCyclomaticComplexity="1" maxCrapScore="2" minCrapScore="2" visitedClasses="0" numClasses="0" visitedMethods="0" numMethods="1" />
              <MetadataToken>100663350</MetadataToken>
              <Name>System.Void PowerPoint.Form1::&lt;.ctor&gt;b__0_0()</Name>
              <FileRef uid="16" />
              <SequencePoints>
                <SequencePoint vc="0" uspid="690" ordinal="0" offset="0" sl="17" sc="46" el="17" ec="62" bec="0" bev="0" fileid="16" />
              </SequencePoints>
              <BranchPoints />
              <MethodPoint xsi:type="SequencePoint" vc="0" uspid="690" ordinal="0" offset="0" sl="17" sc="46" el="17" ec="62" bec="0" bev="0" fileid="16" />
            </Method>
            <Method visited="false" cyclomaticComplexity="1" nPathComplexity="0" sequenceCoverage="0" branchCoverage="0" crapScore="2" isConstructor="false" isStatic="false" isGetter="false" isSetter="false">
              <Summary numSequencePoints="4" visitedSequencePoints="0" numBranchPoints="1" visitedBranchPoints="0" sequenceCoverage="0" branchCoverage="0" maxCyclomaticComplexity="1" minCyclomaticComplexity="1" maxCrapScore="2" minCrapScore="2" visitedClasses="0" numClasses="0" visitedMethods="0" numMethods="1" />
              <MetadataToken>100663351</MetadataToken>
              <Name>System.Void PowerPoint.Form1::&lt;GetClickPointer&gt;b__5_0(System.Object,System.EventArgs)</Name>
              <FileRef uid="16" />
              <SequencePoints>
                <SequencePoint vc="0" uspid="691" ordinal="0" offset="0" sl="93" sc="13" el="93" ec="14" bec="0" bev="0" fileid="16" />
                <SequencePoint vc="0" uspid="692" ordinal="1" offset="1" sl="94" sc="17" el="94" ec="56" bec="0" bev="0" fileid="16" />
                <SequencePoint vc="0" uspid="693" ordinal="2" offset="14" sl="96" sc="17" el="96" ec="33" bec="0" bev="0" fileid="16" />
                <SequencePoint vc="0" uspid="694" ordinal="3" offset="21" sl="97" sc="13" el="97" ec="14" bec="0" bev="0" fileid="16" />
              </SequencePoints>
              <BranchPoints />
              <MethodPoint xsi:type="SequencePoint" vc="0" uspid="691" ordinal="0" offset="0" sl="93" sc="13" el="93" ec="14" bec="0" bev="0" fileid="16" />
            </Method>
          </Methods>
        </Class>
        <Class>
          <Summary numSequencePoints="5" visitedSequencePoints="0" numBranchPoints="1" visitedBranchPoints="0" sequenceCoverage="0" branchCoverage="0" maxCyclomaticComplexity="1" minCyclomaticComplexity="1" maxCrapScore="2" minCrapScore="2" visitedClasses="0" numClasses="1" visitedMethods="0" numMethods="1" />
          <FullName>PowerPoint.Form1/&lt;&gt;c__DisplayClass4_0</FullName>
          <Methods>
            <Method visited="false" cyclomaticComplexity="1" nPathComplexity="0" sequenceCoverage="0" branchCoverage="0" crapScore="2" isConstructor="true" isStatic="false" isGetter="false" isSetter="false">
              <Summary numSequencePoints="0" visitedSequencePoints="0" numBranchPoints="0" visitedBranchPoints="0" sequenceCoverage="0" branchCoverage="0" maxCyclomaticComplexity="1" minCyclomaticComplexity="1" maxCrapScore="2" minCrapScore="2" visitedClasses="0" numClasses="0" visitedMethods="0" numMethods="0" />
              <MetadataToken>100663380</MetadataToken>
              <Name>System.Void PowerPoint.Form1/&lt;&gt;c__DisplayClass4_0::.ctor()</Name>
              <SequencePoints />
              <BranchPoints />
              <MethodPoint vc="0" uspid="695" ordinal="0" offset="0" />
            </Method>
            <Method visited="false" cyclomaticComplexity="1" nPathComplexity="0" sequenceCoverage="0" branchCoverage="0" crapScore="2" isConstructor="false" isStatic="false" isGetter="false" isSetter="false">
              <Summary numSequencePoints="5" visitedSequencePoints="0" numBranchPoints="1" visitedBranchPoints="0" sequenceCoverage="0" branchCoverage="0" maxCyclomaticComplexity="1" minCyclomaticComplexity="1" maxCrapScore="2" minCrapScore="2" visitedClasses="0" numClasses="0" visitedMethods="0" numMethods="1" />
              <MetadataToken>100663381</MetadataToken>
              <Name>System.Void PowerPoint.Form1/&lt;&gt;c__DisplayClass4_0::&lt;ClickToolStripButton&gt;b__0(System.Object,System.EventArgs)</Name>
              <FileRef uid="16" />
              <SequencePoints>
                <SequencePoint vc="0" uspid="696" ordinal="0" offset="0" sl="78" sc="13" el="78" ec="14" bec="0" bev="0" fileid="16" />
                <SequencePoint vc="0" uspid="697" ordinal="1" offset="1" sl="79" sc="17" el="79" ec="54" bec="0" bev="0" fileid="16" />
                <SequencePoint vc="0" uspid="698" ordinal="2" offset="19" sl="80" sc="17" el="80" ec="54" bec="0" bev="0" fileid="16" />
                <SequencePoint vc="0" uspid="699" ordinal="3" offset="42" sl="82" sc="17" el="82" ec="33" bec="0" bev="0" fileid="16" />
                <SequencePoint vc="0" uspid="700" ordinal="4" offset="54" sl="83" sc="13" el="83" ec="14" bec="0" bev="0" fileid="16" />
              </SequencePoints>
              <BranchPoints />
              <MethodPoint xsi:type="SequencePoint" vc="0" uspid="696" ordinal="0" offset="0" sl="78" sc="13" el="78" ec="14" bec="0" bev="0" fileid="16" />
            </Method>
          </Methods>
        </Class>
        <Class>
          <Summary numSequencePoints="5" visitedSequencePoints="0" numBranchPoints="1" visitedBranchPoints="0" sequenceCoverage="0" branchCoverage="0" maxCyclomaticComplexity="1" minCyclomaticComplexity="1" maxCrapScore="2" minCrapScore="2" visitedClasses="0" numClasses="1" visitedMethods="0" numMethods="1" />
          <FullName>PowerPoint.Program</FullName>
          <Methods>
            <Method visited="false" cyclomaticComplexity="1" nPathComplexity="0" sequenceCoverage="0" branchCoverage="0" crapScore="2" isConstructor="false" isStatic="true" isGetter="false" isSetter="false">
              <Summary numSequencePoints="5" visitedSequencePoints="0" numBranchPoints="1" visitedBranchPoints="0" sequenceCoverage="0" branchCoverage="0" maxCyclomaticComplexity="1" minCyclomaticComplexity="1" maxCrapScore="2" minCrapScore="2" visitedClasses="0" numClasses="0" visitedMethods="0" numMethods="1" />
              <MetadataToken>100663352</MetadataToken>
              <Name>System.Void PowerPoint.Program::Main()</Name>
              <FileRef uid="18" />
              <SequencePoints>
                <SequencePoint vc="0" uspid="701" ordinal="0" offset="0" sl="13" sc="9" el="13" ec="10" bec="0" bev="0" fileid="18" />
                <SequencePoint vc="0" uspid="702" ordinal="1" offset="1" sl="14" sc="13" el="14" ec="46" bec="0" bev="0" fileid="18" />
                <SequencePoint vc="0" uspid="703" ordinal="2" offset="7" sl="15" sc="13" el="15" ec="66" bec="0" bev="0" fileid="18" />
                <SequencePoint vc="0" uspid="704" ordinal="3" offset="14" sl="16" sc="13" el="16" ec="42" bec="0" bev="0" fileid="18" />
                <SequencePoint vc="0" uspid="705" ordinal="4" offset="25" sl="17" sc="9" el="17" ec="10" bec="0" bev="0" fileid="18" />
              </SequencePoints>
              <BranchPoints />
              <MethodPoint xsi:type="SequencePoint" vc="0" uspid="701" ordinal="0" offset="0" sl="13" sc="9" el="13" ec="10" bec="0" bev="0" fileid="18" />
            </Method>
          </Methods>
        </Class>
        <Class>
          <Summary numSequencePoints="8" visitedSequencePoints="7" numBranchPoints="5" visitedBranchPoints="4" sequenceCoverage="87.5" branchCoverage="80" maxCyclomaticComplexity="5" minCyclomaticComplexity="1" maxCrapScore="5.05" minCrapScore="2" visitedClasses="1" numClasses="1" visitedMethods="1" numMethods="1" />
          <FullName>PowerPoint.ShapeFactory</FullName>
          <Methods>
            <Method visited="true" cyclomaticComplexity="5" nPathComplexity="4" sequenceCoverage="87.5" branchCoverage="80" crapScore="5.05" isConstructor="false" isStatic="true" isGetter="false" isSetter="false">
              <Summary numSequencePoints="8" visitedSequencePoints="7" numBranchPoints="5" visitedBranchPoints="4" sequenceCoverage="87.5" branchCoverage="80" maxCyclomaticComplexity="5" minCyclomaticComplexity="5" maxCrapScore="5.05" minCrapScore="5.05" visitedClasses="0" numClasses="0" visitedMethods="1" numMethods="1" />
              <MetadataToken>100663353</MetadataToken>
              <Name>PowerPoint.Shape PowerPoint.ShapeFactory::CreateShape(PowerPoint.ShapeType,PowerPoint.Position,PowerPoint.Position)</Name>
              <FileRef uid="19" />
              <SequencePoints>
                <SequencePoint vc="121" uspid="706" ordinal="0" offset="0" sl="15" sc="9" el="15" ec="10" bec="0" bev="0" fileid="19" />
                <SequencePoint vc="121" uspid="707" ordinal="1" offset="1" sl="16" sc="13" el="16" ec="31" bec="4" bev="3" fileid="19" />
                <SequencePoint vc="102" uspid="708" ordinal="2" offset="25" sl="19" sc="21" el="19" ec="22" bec="0" bev="0" fileid="19" />
                <SequencePoint vc="102" uspid="709" ordinal="3" offset="26" sl="20" sc="25" el="20" ec="62" bec="0" bev="0" fileid="19" />
                <SequencePoint vc="4" uspid="710" ordinal="4" offset="36" sl="23" sc="21" el="23" ec="53" bec="0" bev="0" fileid="19" />
                <SequencePoint vc="15" uspid="711" ordinal="5" offset="46" sl="25" sc="21" el="25" ec="56" bec="0" bev="0" fileid="19" />
                <SequencePoint vc="0" uspid="712" ordinal="6" offset="56" sl="27" sc="21" el="27" ec="57" bec="0" bev="0" fileid="19" />
                <SequencePoint vc="121" uspid="713" ordinal="7" offset="62" sl="29" sc="9" el="29" ec="10" bec="0" bev="0" fileid="19" />
              </SequencePoints>
              <BranchPoints>
                <BranchPoint vc="0" uspid="714" ordinal="0" offset="6" sl="16" path="0" offsetchain="23" offsetend="56" fileid="19" />
                <BranchPoint vc="102" uspid="715" ordinal="1" offset="6" sl="16" path="1" offsetend="25" fileid="19" />
                <BranchPoint vc="4" uspid="716" ordinal="2" offset="6" sl="16" path="2" offsetend="36" fileid="19" />
                <BranchPoint vc="15" uspid="717" ordinal="3" offset="6" sl="16" path="3" offsetend="46" fileid="19" />
              </BranchPoints>
              <MethodPoint xsi:type="SequencePoint" vc="121" uspid="706" ordinal="0" offset="0" sl="15" sc="9" el="15" ec="10" bec="0" bev="0" fileid="19" />
            </Method>
            <Method visited="false" cyclomaticComplexity="1" nPathComplexity="0" sequenceCoverage="0" branchCoverage="0" crapScore="2" isConstructor="true" isStatic="false" isGetter="false" isSetter="false">
              <Summary numSequencePoints="0" visitedSequencePoints="0" numBranchPoints="0" visitedBranchPoints="0" sequenceCoverage="0" branchCoverage="0" maxCyclomaticComplexity="1" minCyclomaticComplexity="1" maxCrapScore="2" minCrapScore="2" visitedClasses="0" numClasses="0" visitedMethods="0" numMethods="0" />
              <MetadataToken>100663354</MetadataToken>
              <Name>System.Void PowerPoint.ShapeFactory::.ctor()</Name>
              <SequencePoints />
              <BranchPoints />
              <MethodPoint vc="0" uspid="718" ordinal="0" offset="0" />
            </Method>
          </Methods>
        </Class>
        <Class>
          <Summary numSequencePoints="8" visitedSequencePoints="8" numBranchPoints="5" visitedBranchPoints="5" sequenceCoverage="100" branchCoverage="100" maxCyclomaticComplexity="1" minCyclomaticComplexity="1" maxCrapScore="1" minCrapScore="1" visitedClasses="1" numClasses="1" visitedMethods="5" numMethods="5" />
          <FullName>PowerPoint.Position</FullName>
          <Methods>
            <Method visited="true" cyclomaticComplexity="1" nPathComplexity="0" sequenceCoverage="100" branchCoverage="100" crapScore="1" isConstructor="false" isStatic="false" isGetter="true" isSetter="false">
              <Summary numSequencePoints="1" visitedSequencePoints="1" numBranchPoints="1" visitedBranchPoints="1" sequenceCoverage="100" branchCoverage="100" maxCyclomaticComplexity="1" minCyclomaticComplexity="1" maxCrapScore="1" minCrapScore="1" visitedClasses="0" numClasses="0" visitedMethods="1" numMethods="1" />
              <MetadataToken>100663356</MetadataToken>
              <Name>System.Int32 PowerPoint.Position::get_X()</Name>
              <FileRef uid="20" />
              <SequencePoints>
                <SequencePoint vc="1495" uspid="719" ordinal="0" offset="0" sl="15" sc="13" el="15" ec="17" bec="0" bev="0" fileid="20" />
              </SequencePoints>
              <BranchPoints />
              <MethodPoint xsi:type="SequencePoint" vc="1495" uspid="719" ordinal="0" offset="0" sl="15" sc="13" el="15" ec="17" bec="0" bev="0" fileid="20" />
            </Method>
            <Method visited="true" cyclomaticComplexity="1" nPathComplexity="0" sequenceCoverage="100" branchCoverage="100" crapScore="1" isConstructor="false" isStatic="false" isGetter="false" isSetter="true">
              <Summary numSequencePoints="1" visitedSequencePoints="1" numBranchPoints="1" visitedBranchPoints="1" sequenceCoverage="100" branchCoverage="100" maxCyclomaticComplexity="1" minCyclomaticComplexity="1" maxCrapScore="1" minCrapScore="1" visitedClasses="0" numClasses="0" visitedMethods="1" numMethods="1" />
              <MetadataToken>100663357</MetadataToken>
              <Name>System.Void PowerPoint.Position::set_X(System.Int32)</Name>
              <FileRef uid="20" />
              <SequencePoints>
                <SequencePoint vc="1255" uspid="720" ordinal="0" offset="0" sl="16" sc="13" el="16" ec="17" bec="0" bev="0" fileid="20" />
              </SequencePoints>
              <BranchPoints />
              <MethodPoint xsi:type="SequencePoint" vc="1255" uspid="720" ordinal="0" offset="0" sl="16" sc="13" el="16" ec="17" bec="0" bev="0" fileid="20" />
            </Method>
            <Method visited="true" cyclomaticComplexity="1" nPathComplexity="0" sequenceCoverage="100" branchCoverage="100" crapScore="1" isConstructor="false" isStatic="false" isGetter="true" isSetter="false">
              <Summary numSequencePoints="1" visitedSequencePoints="1" numBranchPoints="1" visitedBranchPoints="1" sequenceCoverage="100" branchCoverage="100" maxCyclomaticComplexity="1" minCyclomaticComplexity="1" maxCrapScore="1" minCrapScore="1" visitedClasses="0" numClasses="0" visitedMethods="1" numMethods="1" />
              <MetadataToken>100663358</MetadataToken>
              <Name>System.Int32 PowerPoint.Position::get_Y()</Name>
              <FileRef uid="20" />
              <SequencePoints>
                <SequencePoint vc="1392" uspid="721" ordinal="0" offset="0" sl="21" sc="13" el="21" ec="17" bec="0" bev="0" fileid="20" />
              </SequencePoints>
              <BranchPoints />
              <MethodPoint xsi:type="SequencePoint" vc="1392" uspid="721" ordinal="0" offset="0" sl="21" sc="13" el="21" ec="17" bec="0" bev="0" fileid="20" />
            </Method>
            <Method visited="true" cyclomaticComplexity="1" nPathComplexity="0" sequenceCoverage="100" branchCoverage="100" crapScore="1" isConstructor="false" isStatic="false" isGetter="false" isSetter="true">
              <Summary numSequencePoints="1" visitedSequencePoints="1" numBranchPoints="1" visitedBranchPoints="1" sequenceCoverage="100" branchCoverage="100" maxCyclomaticComplexity="1" minCyclomaticComplexity="1" maxCrapScore="1" minCrapScore="1" visitedClasses="0" numClasses="0" visitedMethods="1" numMethods="1" />
              <MetadataToken>100663359</MetadataToken>
              <Name>System.Void PowerPoint.Position::set_Y(System.Int32)</Name>
              <FileRef uid="20" />
              <SequencePoints>
                <SequencePoint vc="1255" uspid="722" ordinal="0" offset="0" sl="22" sc="13" el="22" ec="17" bec="0" bev="0" fileid="20" />
              </SequencePoints>
              <BranchPoints />
              <MethodPoint xsi:type="SequencePoint" vc="1255" uspid="722" ordinal="0" offset="0" sl="22" sc="13" el="22" ec="17" bec="0" bev="0" fileid="20" />
            </Method>
            <Method visited="true" cyclomaticComplexity="1" nPathComplexity="0" sequenceCoverage="100" branchCoverage="100" crapScore="1" isConstructor="true" isStatic="false" isGetter="false" isSetter="false">
              <Summary numSequencePoints="4" visitedSequencePoints="4" numBranchPoints="1" visitedBranchPoints="1" sequenceCoverage="100" branchCoverage="100" maxCyclomaticComplexity="1" minCyclomaticComplexity="1" maxCrapScore="1" minCrapScore="1" visitedClasses="0" numClasses="0" visitedMethods="1" numMethods="1" />
              <MetadataToken>100663355</MetadataToken>
              <Name>System.Void PowerPoint.Position::.ctor(System.Int32,System.Int32)</Name>
              <FileRef uid="20" />
              <SequencePoints>
                <SequencePoint vc="853" uspid="723" ordinal="0" offset="0" sl="8" sc="9" el="8" ec="10" bec="0" bev="0" fileid="20" />
                <SequencePoint vc="853" uspid="724" ordinal="1" offset="1" sl="9" sc="13" el="9" ec="27" bec="0" bev="0" fileid="20" />
                <SequencePoint vc="853" uspid="725" ordinal="2" offset="9" sl="10" sc="13" el="10" ec="27" bec="0" bev="0" fileid="20" />
                <SequencePoint vc="853" uspid="726" ordinal="3" offset="17" sl="11" sc="9" el="11" ec="10" bec="0" bev="0" fileid="20" />
              </SequencePoints>
              <BranchPoints />
              <MethodPoint xsi:type="SequencePoint" vc="853" uspid="723" ordinal="0" offset="0" sl="8" sc="9" el="8" ec="10" bec="0" bev="0" fileid="20" />
            </Method>
          </Methods>
        </Class>
      </Classes>
    </Module>
  </Modules>
</CoverageSession>